[
  {
    "iteration": 1,
    "test": "imports",
    "error_type": "ImportError",
    "message": "cannot import name 'app' from 'app' (/home/runner/workspace/app.py)",
    "traceback": "Traceback (most recent call last):\n  File \"/home/runner/workspace/ralph_loop.py\", line 67, in run_screening_engine_tests\n    from app import app, db\nImportError: cannot import name 'app' from 'app' (/home/runner/workspace/app.py)\n",
    "timestamp": "2026-01-21T05:07:27.067904"
  },
  {
    "iteration": 2,
    "test": "imports",
    "error_type": "ImportError",
    "message": "cannot import name 'app' from 'app' (/home/runner/workspace/app.py)",
    "traceback": "Traceback (most recent call last):\n  File \"/home/runner/workspace/ralph_loop.py\", line 67, in run_screening_engine_tests\n    from app import app, db\nImportError: cannot import name 'app' from 'app' (/home/runner/workspace/app.py)\n",
    "timestamp": "2026-01-21T05:07:27.069897"
  },
  {
    "iteration": 3,
    "test": "imports",
    "error_type": "ImportError",
    "message": "cannot import name 'app' from 'app' (/home/runner/workspace/app.py)",
    "traceback": "Traceback (most recent call last):\n  File \"/home/runner/workspace/ralph_loop.py\", line 67, in run_screening_engine_tests\n    from app import app, db\nImportError: cannot import name 'app' from 'app' (/home/runner/workspace/app.py)\n",
    "timestamp": "2026-01-21T05:07:27.072096"
  },
  {
    "iteration": 4,
    "test": "imports",
    "error_type": "ImportError",
    "message": "cannot import name 'app' from 'app' (/home/runner/workspace/app.py)",
    "traceback": "Traceback (most recent call last):\n  File \"/home/runner/workspace/ralph_loop.py\", line 67, in run_screening_engine_tests\n    from app import app, db\nImportError: cannot import name 'app' from 'app' (/home/runner/workspace/app.py)\n",
    "timestamp": "2026-01-21T05:07:27.074097"
  },
  {
    "iteration": 5,
    "test": "imports",
    "error_type": "ImportError",
    "message": "cannot import name 'app' from 'app' (/home/runner/workspace/app.py)",
    "traceback": "Traceback (most recent call last):\n  File \"/home/runner/workspace/ralph_loop.py\", line 67, in run_screening_engine_tests\n    from app import app, db\nImportError: cannot import name 'app' from 'app' (/home/runner/workspace/app.py)\n",
    "timestamp": "2026-01-21T05:07:27.076157"
  },
  {
    "iteration": 6,
    "test": "imports",
    "error_type": "ImportError",
    "message": "cannot import name 'app' from 'app' (/home/runner/workspace/app.py)",
    "traceback": "Traceback (most recent call last):\n  File \"/home/runner/workspace/ralph_loop.py\", line 67, in run_screening_engine_tests\n    from app import app, db\nImportError: cannot import name 'app' from 'app' (/home/runner/workspace/app.py)\n",
    "timestamp": "2026-01-21T05:07:27.078258"
  },
  {
    "iteration": 7,
    "test": "imports",
    "error_type": "ImportError",
    "message": "cannot import name 'app' from 'app' (/home/runner/workspace/app.py)",
    "traceback": "Traceback (most recent call last):\n  File \"/home/runner/workspace/ralph_loop.py\", line 67, in run_screening_engine_tests\n    from app import app, db\nImportError: cannot import name 'app' from 'app' (/home/runner/workspace/app.py)\n",
    "timestamp": "2026-01-21T05:07:27.089918"
  },
  {
    "iteration": 8,
    "test": "imports",
    "error_type": "ImportError",
    "message": "cannot import name 'app' from 'app' (/home/runner/workspace/app.py)",
    "traceback": "Traceback (most recent call last):\n  File \"/home/runner/workspace/ralph_loop.py\", line 67, in run_screening_engine_tests\n    from app import app, db\nImportError: cannot import name 'app' from 'app' (/home/runner/workspace/app.py)\n",
    "timestamp": "2026-01-21T05:07:27.093478"
  },
  {
    "iteration": 9,
    "test": "imports",
    "error_type": "ImportError",
    "message": "cannot import name 'app' from 'app' (/home/runner/workspace/app.py)",
    "traceback": "Traceback (most recent call last):\n  File \"/home/runner/workspace/ralph_loop.py\", line 67, in run_screening_engine_tests\n    from app import app, db\nImportError: cannot import name 'app' from 'app' (/home/runner/workspace/app.py)\n",
    "timestamp": "2026-01-21T05:07:27.096056"
  },
  {
    "iteration": 10,
    "test": "imports",
    "error_type": "ImportError",
    "message": "cannot import name 'app' from 'app' (/home/runner/workspace/app.py)",
    "traceback": "Traceback (most recent call last):\n  File \"/home/runner/workspace/ralph_loop.py\", line 67, in run_screening_engine_tests\n    from app import app, db\nImportError: cannot import name 'app' from 'app' (/home/runner/workspace/app.py)\n",
    "timestamp": "2026-01-21T05:07:27.098524"
  },
  {
    "iteration": 1,
    "test": "11.1_refresh_service_init",
    "error_type": "TypeError",
    "message": "ScreeningRefreshService.__init__() missing 1 required positional argument: 'organization_id'",
    "traceback": "Traceback (most recent call last):\n  File \"/home/runner/workspace/ralph_loop.py\", line 754, in run_screening_engine_tests\n    service = ScreeningRefreshService()\n              ^^^^^^^^^^^^^^^^^^^^^^^^^\nTypeError: ScreeningRefreshService.__init__() missing 1 required positional argument: 'organization_id'\n",
    "timestamp": "2026-01-21T05:09:16.485915"
  },
  {
    "iteration": 1,
    "test": "11.2_emr_sync_init",
    "error_type": "TypeError",
    "message": "ComprehensiveEMRSync.__init__() missing 1 required positional argument: 'organization_id'",
    "traceback": "Traceback (most recent call last):\n  File \"/home/runner/workspace/ralph_loop.py\", line 775, in run_screening_engine_tests\n    sync = ComprehensiveEMRSync()\n           ^^^^^^^^^^^^^^^^^^^^^^\nTypeError: ComprehensiveEMRSync.__init__() missing 1 required positional argument: 'organization_id'\n",
    "timestamp": "2026-01-21T05:09:16.487167"
  },
  {
    "iteration": 2,
    "test": "11.1_refresh_service_init",
    "error_type": "TypeError",
    "message": "ScreeningRefreshService.__init__() missing 1 required positional argument: 'organization_id'",
    "traceback": "Traceback (most recent call last):\n  File \"/home/runner/workspace/ralph_loop.py\", line 754, in run_screening_engine_tests\n    service = ScreeningRefreshService()\n              ^^^^^^^^^^^^^^^^^^^^^^^^^\nTypeError: ScreeningRefreshService.__init__() missing 1 required positional argument: 'organization_id'\n",
    "timestamp": "2026-01-21T05:09:20.462628"
  },
  {
    "iteration": 2,
    "test": "11.2_emr_sync_init",
    "error_type": "TypeError",
    "message": "ComprehensiveEMRSync.__init__() missing 1 required positional argument: 'organization_id'",
    "traceback": "Traceback (most recent call last):\n  File \"/home/runner/workspace/ralph_loop.py\", line 775, in run_screening_engine_tests\n    sync = ComprehensiveEMRSync()\n           ^^^^^^^^^^^^^^^^^^^^^^\nTypeError: ComprehensiveEMRSync.__init__() missing 1 required positional argument: 'organization_id'\n",
    "timestamp": "2026-01-21T05:09:20.463696"
  },
  {
    "iteration": 3,
    "test": "11.1_refresh_service_init",
    "error_type": "TypeError",
    "message": "ScreeningRefreshService.__init__() missing 1 required positional argument: 'organization_id'",
    "traceback": "Traceback (most recent call last):\n  File \"/home/runner/workspace/ralph_loop.py\", line 754, in run_screening_engine_tests\n    service = ScreeningRefreshService()\n              ^^^^^^^^^^^^^^^^^^^^^^^^^\nTypeError: ScreeningRefreshService.__init__() missing 1 required positional argument: 'organization_id'\n",
    "timestamp": "2026-01-21T05:09:22.394957"
  },
  {
    "iteration": 3,
    "test": "11.2_emr_sync_init",
    "error_type": "TypeError",
    "message": "ComprehensiveEMRSync.__init__() missing 1 required positional argument: 'organization_id'",
    "traceback": "Traceback (most recent call last):\n  File \"/home/runner/workspace/ralph_loop.py\", line 775, in run_screening_engine_tests\n    sync = ComprehensiveEMRSync()\n           ^^^^^^^^^^^^^^^^^^^^^^\nTypeError: ComprehensiveEMRSync.__init__() missing 1 required positional argument: 'organization_id'\n",
    "timestamp": "2026-01-21T05:09:22.397969"
  },
  {
    "iteration": 4,
    "test": "11.1_refresh_service_init",
    "error_type": "TypeError",
    "message": "ScreeningRefreshService.__init__() missing 1 required positional argument: 'organization_id'",
    "traceback": "Traceback (most recent call last):\n  File \"/home/runner/workspace/ralph_loop.py\", line 754, in run_screening_engine_tests\n    service = ScreeningRefreshService()\n              ^^^^^^^^^^^^^^^^^^^^^^^^^\nTypeError: ScreeningRefreshService.__init__() missing 1 required positional argument: 'organization_id'\n",
    "timestamp": "2026-01-21T05:09:24.595012"
  },
  {
    "iteration": 4,
    "test": "11.2_emr_sync_init",
    "error_type": "TypeError",
    "message": "ComprehensiveEMRSync.__init__() missing 1 required positional argument: 'organization_id'",
    "traceback": "Traceback (most recent call last):\n  File \"/home/runner/workspace/ralph_loop.py\", line 775, in run_screening_engine_tests\n    sync = ComprehensiveEMRSync()\n           ^^^^^^^^^^^^^^^^^^^^^^\nTypeError: ComprehensiveEMRSync.__init__() missing 1 required positional argument: 'organization_id'\n",
    "timestamp": "2026-01-21T05:09:24.596845"
  },
  {
    "iteration": 5,
    "test": "11.1_refresh_service_init",
    "error_type": "TypeError",
    "message": "ScreeningRefreshService.__init__() missing 1 required positional argument: 'organization_id'",
    "traceback": "Traceback (most recent call last):\n  File \"/home/runner/workspace/ralph_loop.py\", line 754, in run_screening_engine_tests\n    service = ScreeningRefreshService()\n              ^^^^^^^^^^^^^^^^^^^^^^^^^\nTypeError: ScreeningRefreshService.__init__() missing 1 required positional argument: 'organization_id'\n",
    "timestamp": "2026-01-21T05:09:26.562844"
  },
  {
    "iteration": 5,
    "test": "11.2_emr_sync_init",
    "error_type": "TypeError",
    "message": "ComprehensiveEMRSync.__init__() missing 1 required positional argument: 'organization_id'",
    "traceback": "Traceback (most recent call last):\n  File \"/home/runner/workspace/ralph_loop.py\", line 775, in run_screening_engine_tests\n    sync = ComprehensiveEMRSync()\n           ^^^^^^^^^^^^^^^^^^^^^^\nTypeError: ComprehensiveEMRSync.__init__() missing 1 required positional argument: 'organization_id'\n",
    "timestamp": "2026-01-21T05:09:26.565155"
  },
  {
    "iteration": 6,
    "test": "11.1_refresh_service_init",
    "error_type": "TypeError",
    "message": "ScreeningRefreshService.__init__() missing 1 required positional argument: 'organization_id'",
    "traceback": "Traceback (most recent call last):\n  File \"/home/runner/workspace/ralph_loop.py\", line 754, in run_screening_engine_tests\n    service = ScreeningRefreshService()\n              ^^^^^^^^^^^^^^^^^^^^^^^^^\nTypeError: ScreeningRefreshService.__init__() missing 1 required positional argument: 'organization_id'\n",
    "timestamp": "2026-01-21T05:09:28.530450"
  },
  {
    "iteration": 6,
    "test": "11.2_emr_sync_init",
    "error_type": "TypeError",
    "message": "ComprehensiveEMRSync.__init__() missing 1 required positional argument: 'organization_id'",
    "traceback": "Traceback (most recent call last):\n  File \"/home/runner/workspace/ralph_loop.py\", line 775, in run_screening_engine_tests\n    sync = ComprehensiveEMRSync()\n           ^^^^^^^^^^^^^^^^^^^^^^\nTypeError: ComprehensiveEMRSync.__init__() missing 1 required positional argument: 'organization_id'\n",
    "timestamp": "2026-01-21T05:09:28.531649"
  },
  {
    "iteration": 7,
    "test": "11.1_refresh_service_init",
    "error_type": "TypeError",
    "message": "ScreeningRefreshService.__init__() missing 1 required positional argument: 'organization_id'",
    "traceback": "Traceback (most recent call last):\n  File \"/home/runner/workspace/ralph_loop.py\", line 754, in run_screening_engine_tests\n    service = ScreeningRefreshService()\n              ^^^^^^^^^^^^^^^^^^^^^^^^^\nTypeError: ScreeningRefreshService.__init__() missing 1 required positional argument: 'organization_id'\n",
    "timestamp": "2026-01-21T05:09:32.461310"
  },
  {
    "iteration": 7,
    "test": "11.2_emr_sync_init",
    "error_type": "TypeError",
    "message": "ComprehensiveEMRSync.__init__() missing 1 required positional argument: 'organization_id'",
    "traceback": "Traceback (most recent call last):\n  File \"/home/runner/workspace/ralph_loop.py\", line 775, in run_screening_engine_tests\n    sync = ComprehensiveEMRSync()\n           ^^^^^^^^^^^^^^^^^^^^^^\nTypeError: ComprehensiveEMRSync.__init__() missing 1 required positional argument: 'organization_id'\n",
    "timestamp": "2026-01-21T05:09:32.462292"
  },
  {
    "iteration": 8,
    "test": "11.1_refresh_service_init",
    "error_type": "TypeError",
    "message": "ScreeningRefreshService.__init__() missing 1 required positional argument: 'organization_id'",
    "traceback": "Traceback (most recent call last):\n  File \"/home/runner/workspace/ralph_loop.py\", line 754, in run_screening_engine_tests\n    service = ScreeningRefreshService()\n              ^^^^^^^^^^^^^^^^^^^^^^^^^\nTypeError: ScreeningRefreshService.__init__() missing 1 required positional argument: 'organization_id'\n",
    "timestamp": "2026-01-21T05:09:34.680588"
  },
  {
    "iteration": 8,
    "test": "11.2_emr_sync_init",
    "error_type": "TypeError",
    "message": "ComprehensiveEMRSync.__init__() missing 1 required positional argument: 'organization_id'",
    "traceback": "Traceback (most recent call last):\n  File \"/home/runner/workspace/ralph_loop.py\", line 775, in run_screening_engine_tests\n    sync = ComprehensiveEMRSync()\n           ^^^^^^^^^^^^^^^^^^^^^^\nTypeError: ComprehensiveEMRSync.__init__() missing 1 required positional argument: 'organization_id'\n",
    "timestamp": "2026-01-21T05:09:34.683797"
  },
  {
    "iteration": 9,
    "test": "11.1_refresh_service_init",
    "error_type": "TypeError",
    "message": "ScreeningRefreshService.__init__() missing 1 required positional argument: 'organization_id'",
    "traceback": "Traceback (most recent call last):\n  File \"/home/runner/workspace/ralph_loop.py\", line 754, in run_screening_engine_tests\n    service = ScreeningRefreshService()\n              ^^^^^^^^^^^^^^^^^^^^^^^^^\nTypeError: ScreeningRefreshService.__init__() missing 1 required positional argument: 'organization_id'\n",
    "timestamp": "2026-01-21T05:09:36.865258"
  },
  {
    "iteration": 9,
    "test": "11.2_emr_sync_init",
    "error_type": "TypeError",
    "message": "ComprehensiveEMRSync.__init__() missing 1 required positional argument: 'organization_id'",
    "traceback": "Traceback (most recent call last):\n  File \"/home/runner/workspace/ralph_loop.py\", line 775, in run_screening_engine_tests\n    sync = ComprehensiveEMRSync()\n           ^^^^^^^^^^^^^^^^^^^^^^\nTypeError: ComprehensiveEMRSync.__init__() missing 1 required positional argument: 'organization_id'\n",
    "timestamp": "2026-01-21T05:09:36.866471"
  },
  {
    "iteration": 10,
    "test": "11.1_refresh_service_init",
    "error_type": "TypeError",
    "message": "ScreeningRefreshService.__init__() missing 1 required positional argument: 'organization_id'",
    "traceback": "Traceback (most recent call last):\n  File \"/home/runner/workspace/ralph_loop.py\", line 754, in run_screening_engine_tests\n    service = ScreeningRefreshService()\n              ^^^^^^^^^^^^^^^^^^^^^^^^^\nTypeError: ScreeningRefreshService.__init__() missing 1 required positional argument: 'organization_id'\n",
    "timestamp": "2026-01-21T05:09:38.935964"
  },
  {
    "iteration": 10,
    "test": "11.2_emr_sync_init",
    "error_type": "TypeError",
    "message": "ComprehensiveEMRSync.__init__() missing 1 required positional argument: 'organization_id'",
    "traceback": "Traceback (most recent call last):\n  File \"/home/runner/workspace/ralph_loop.py\", line 775, in run_screening_engine_tests\n    sync = ComprehensiveEMRSync()\n           ^^^^^^^^^^^^^^^^^^^^^^\nTypeError: ComprehensiveEMRSync.__init__() missing 1 required positional argument: 'organization_id'\n",
    "timestamp": "2026-01-21T05:09:38.937453"
  },
  {
    "iteration": 1,
    "test": "15.1_db_variant_selection",
    "error_type": "ArgumentError",
    "message": "Column expression, FROM clause, or other columns clause element expected, got <property object at 0x7fb767fca610>.",
    "traceback": "Traceback (most recent call last):\n  File \"/home/runner/workspace/ralph_loop.py\", line 1032, in run_screening_engine_tests\n    variant_groups = db.session.query(\n                     ^^^^^^^^^^^^^^^^^\n  File \"/home/runner/workspace/.pythonlibs/lib/python3.11/site-packages/sqlalchemy/orm/scoping.py\", line 1680, in query\n    return self._proxied.query(*entities, **kwargs)\n           ^^^^^^^^^^^^^^^^^^^^^^^^^^^^^^^^^^^^^^^^\n  File \"/home/runner/workspace/.pythonlibs/lib/python3.11/site-packages/sqlalchemy/orm/session.py\", line 2955, in query\n    return self._query_cls(entities, self, **kwargs)\n           ^^^^^^^^^^^^^^^^^^^^^^^^^^^^^^^^^^^^^^^^^\n  File \"/home/runner/workspace/.pythonlibs/lib/python3.11/site-packages/sqlalchemy/orm/query.py\", line 276, in __init__\n    self._set_entities(entities)\n  File \"/home/runner/workspace/.pythonlibs/lib/python3.11/site-packages/sqlalchemy/orm/query.py\", line 288, in _set_entities\n    self._raw_columns = [\n                        ^\n  File \"/home/runner/workspace/.pythonlibs/lib/python3.11/site-packages/sqlalchemy/orm/query.py\", line 289, in <listcomp>\n    coercions.expect(\n  File \"/home/runner/workspace/.pythonlibs/lib/python3.11/site-packages/sqlalchemy/sql/coercions.py\", line 395, in expect\n    resolved = impl._literal_coercion(\n               ^^^^^^^^^^^^^^^^^^^^^^^\n  File \"/home/runner/workspace/.pythonlibs/lib/python3.11/site-packages/sqlalchemy/sql/coercions.py\", line 634, in _literal_coercion\n    self._raise_for_expected(element, argname)\n  File \"/home/runner/workspace/.pythonlibs/lib/python3.11/site-packages/sqlalchemy/sql/coercions.py\", line 1132, in _raise_for_expected\n    return super()._raise_for_expected(\n           ^^^^^^^^^^^^^^^^^^^^^^^^^^^^\n  File \"/home/runner/workspace/.pythonlibs/lib/python3.11/site-packages/sqlalchemy/sql/coercions.py\", line 695, in _raise_for_expected\n    super()._raise_for_expected(\n  File \"/home/runner/workspace/.pythonlibs/lib/python3.11/site-packages/sqlalchemy/sql/coercions.py\", line 518, in _raise_for_expected\n    raise exc.ArgumentError(msg, code=code) from err\nsqlalchemy.exc.ArgumentError: Column expression, FROM clause, or other columns clause element expected, got <property object at 0x7fb767fca610>.\n",
    "timestamp": "2026-01-21T05:12:18.730079"
  },
  {
    "iteration": 2,
    "test": "15.1_db_variant_selection",
    "error_type": "ArgumentError",
    "message": "Column expression, FROM clause, or other columns clause element expected, got <property object at 0x7fb767fca610>.",
    "traceback": "Traceback (most recent call last):\n  File \"/home/runner/workspace/ralph_loop.py\", line 1032, in run_screening_engine_tests\n    variant_groups = db.session.query(\n                     ^^^^^^^^^^^^^^^^^\n  File \"/home/runner/workspace/.pythonlibs/lib/python3.11/site-packages/sqlalchemy/orm/scoping.py\", line 1680, in query\n    return self._proxied.query(*entities, **kwargs)\n           ^^^^^^^^^^^^^^^^^^^^^^^^^^^^^^^^^^^^^^^^\n  File \"/home/runner/workspace/.pythonlibs/lib/python3.11/site-packages/sqlalchemy/orm/session.py\", line 2955, in query\n    return self._query_cls(entities, self, **kwargs)\n           ^^^^^^^^^^^^^^^^^^^^^^^^^^^^^^^^^^^^^^^^^\n  File \"/home/runner/workspace/.pythonlibs/lib/python3.11/site-packages/sqlalchemy/orm/query.py\", line 276, in __init__\n    self._set_entities(entities)\n  File \"/home/runner/workspace/.pythonlibs/lib/python3.11/site-packages/sqlalchemy/orm/query.py\", line 288, in _set_entities\n    self._raw_columns = [\n                        ^\n  File \"/home/runner/workspace/.pythonlibs/lib/python3.11/site-packages/sqlalchemy/orm/query.py\", line 289, in <listcomp>\n    coercions.expect(\n  File \"/home/runner/workspace/.pythonlibs/lib/python3.11/site-packages/sqlalchemy/sql/coercions.py\", line 395, in expect\n    resolved = impl._literal_coercion(\n               ^^^^^^^^^^^^^^^^^^^^^^^\n  File \"/home/runner/workspace/.pythonlibs/lib/python3.11/site-packages/sqlalchemy/sql/coercions.py\", line 634, in _literal_coercion\n    self._raise_for_expected(element, argname)\n  File \"/home/runner/workspace/.pythonlibs/lib/python3.11/site-packages/sqlalchemy/sql/coercions.py\", line 1132, in _raise_for_expected\n    return super()._raise_for_expected(\n           ^^^^^^^^^^^^^^^^^^^^^^^^^^^^\n  File \"/home/runner/workspace/.pythonlibs/lib/python3.11/site-packages/sqlalchemy/sql/coercions.py\", line 695, in _raise_for_expected\n    super()._raise_for_expected(\n  File \"/home/runner/workspace/.pythonlibs/lib/python3.11/site-packages/sqlalchemy/sql/coercions.py\", line 518, in _raise_for_expected\n    raise exc.ArgumentError(msg, code=code) from err\nsqlalchemy.exc.ArgumentError: Column expression, FROM clause, or other columns clause element expected, got <property object at 0x7fb767fca610>.\n",
    "timestamp": "2026-01-21T05:12:22.812331"
  },
  {
    "iteration": 3,
    "test": "15.1_db_variant_selection",
    "error_type": "ArgumentError",
    "message": "Column expression, FROM clause, or other columns clause element expected, got <property object at 0x7fb767fca610>.",
    "traceback": "Traceback (most recent call last):\n  File \"/home/runner/workspace/ralph_loop.py\", line 1032, in run_screening_engine_tests\n    variant_groups = db.session.query(\n                     ^^^^^^^^^^^^^^^^^\n  File \"/home/runner/workspace/.pythonlibs/lib/python3.11/site-packages/sqlalchemy/orm/scoping.py\", line 1680, in query\n    return self._proxied.query(*entities, **kwargs)\n           ^^^^^^^^^^^^^^^^^^^^^^^^^^^^^^^^^^^^^^^^\n  File \"/home/runner/workspace/.pythonlibs/lib/python3.11/site-packages/sqlalchemy/orm/session.py\", line 2955, in query\n    return self._query_cls(entities, self, **kwargs)\n           ^^^^^^^^^^^^^^^^^^^^^^^^^^^^^^^^^^^^^^^^^\n  File \"/home/runner/workspace/.pythonlibs/lib/python3.11/site-packages/sqlalchemy/orm/query.py\", line 276, in __init__\n    self._set_entities(entities)\n  File \"/home/runner/workspace/.pythonlibs/lib/python3.11/site-packages/sqlalchemy/orm/query.py\", line 288, in _set_entities\n    self._raw_columns = [\n                        ^\n  File \"/home/runner/workspace/.pythonlibs/lib/python3.11/site-packages/sqlalchemy/orm/query.py\", line 289, in <listcomp>\n    coercions.expect(\n  File \"/home/runner/workspace/.pythonlibs/lib/python3.11/site-packages/sqlalchemy/sql/coercions.py\", line 395, in expect\n    resolved = impl._literal_coercion(\n               ^^^^^^^^^^^^^^^^^^^^^^^\n  File \"/home/runner/workspace/.pythonlibs/lib/python3.11/site-packages/sqlalchemy/sql/coercions.py\", line 634, in _literal_coercion\n    self._raise_for_expected(element, argname)\n  File \"/home/runner/workspace/.pythonlibs/lib/python3.11/site-packages/sqlalchemy/sql/coercions.py\", line 1132, in _raise_for_expected\n    return super()._raise_for_expected(\n           ^^^^^^^^^^^^^^^^^^^^^^^^^^^^\n  File \"/home/runner/workspace/.pythonlibs/lib/python3.11/site-packages/sqlalchemy/sql/coercions.py\", line 695, in _raise_for_expected\n    super()._raise_for_expected(\n  File \"/home/runner/workspace/.pythonlibs/lib/python3.11/site-packages/sqlalchemy/sql/coercions.py\", line 518, in _raise_for_expected\n    raise exc.ArgumentError(msg, code=code) from err\nsqlalchemy.exc.ArgumentError: Column expression, FROM clause, or other columns clause element expected, got <property object at 0x7fb767fca610>.\n",
    "timestamp": "2026-01-21T05:12:27.036909"
  },
  {
    "iteration": 4,
    "test": "15.1_db_variant_selection",
    "error_type": "ArgumentError",
    "message": "Column expression, FROM clause, or other columns clause element expected, got <property object at 0x7fb767fca610>.",
    "traceback": "Traceback (most recent call last):\n  File \"/home/runner/workspace/ralph_loop.py\", line 1032, in run_screening_engine_tests\n    variant_groups = db.session.query(\n                     ^^^^^^^^^^^^^^^^^\n  File \"/home/runner/workspace/.pythonlibs/lib/python3.11/site-packages/sqlalchemy/orm/scoping.py\", line 1680, in query\n    return self._proxied.query(*entities, **kwargs)\n           ^^^^^^^^^^^^^^^^^^^^^^^^^^^^^^^^^^^^^^^^\n  File \"/home/runner/workspace/.pythonlibs/lib/python3.11/site-packages/sqlalchemy/orm/session.py\", line 2955, in query\n    return self._query_cls(entities, self, **kwargs)\n           ^^^^^^^^^^^^^^^^^^^^^^^^^^^^^^^^^^^^^^^^^\n  File \"/home/runner/workspace/.pythonlibs/lib/python3.11/site-packages/sqlalchemy/orm/query.py\", line 276, in __init__\n    self._set_entities(entities)\n  File \"/home/runner/workspace/.pythonlibs/lib/python3.11/site-packages/sqlalchemy/orm/query.py\", line 288, in _set_entities\n    self._raw_columns = [\n                        ^\n  File \"/home/runner/workspace/.pythonlibs/lib/python3.11/site-packages/sqlalchemy/orm/query.py\", line 289, in <listcomp>\n    coercions.expect(\n  File \"/home/runner/workspace/.pythonlibs/lib/python3.11/site-packages/sqlalchemy/sql/coercions.py\", line 395, in expect\n    resolved = impl._literal_coercion(\n               ^^^^^^^^^^^^^^^^^^^^^^^\n  File \"/home/runner/workspace/.pythonlibs/lib/python3.11/site-packages/sqlalchemy/sql/coercions.py\", line 634, in _literal_coercion\n    self._raise_for_expected(element, argname)\n  File \"/home/runner/workspace/.pythonlibs/lib/python3.11/site-packages/sqlalchemy/sql/coercions.py\", line 1132, in _raise_for_expected\n    return super()._raise_for_expected(\n           ^^^^^^^^^^^^^^^^^^^^^^^^^^^^\n  File \"/home/runner/workspace/.pythonlibs/lib/python3.11/site-packages/sqlalchemy/sql/coercions.py\", line 695, in _raise_for_expected\n    super()._raise_for_expected(\n  File \"/home/runner/workspace/.pythonlibs/lib/python3.11/site-packages/sqlalchemy/sql/coercions.py\", line 518, in _raise_for_expected\n    raise exc.ArgumentError(msg, code=code) from err\nsqlalchemy.exc.ArgumentError: Column expression, FROM clause, or other columns clause element expected, got <property object at 0x7fb767fca610>.\n",
    "timestamp": "2026-01-21T05:12:29.097478"
  },
  {
    "iteration": 5,
    "test": "15.1_db_variant_selection",
    "error_type": "ArgumentError",
    "message": "Column expression, FROM clause, or other columns clause element expected, got <property object at 0x7fb767fca610>.",
    "traceback": "Traceback (most recent call last):\n  File \"/home/runner/workspace/ralph_loop.py\", line 1032, in run_screening_engine_tests\n    variant_groups = db.session.query(\n                     ^^^^^^^^^^^^^^^^^\n  File \"/home/runner/workspace/.pythonlibs/lib/python3.11/site-packages/sqlalchemy/orm/scoping.py\", line 1680, in query\n    return self._proxied.query(*entities, **kwargs)\n           ^^^^^^^^^^^^^^^^^^^^^^^^^^^^^^^^^^^^^^^^\n  File \"/home/runner/workspace/.pythonlibs/lib/python3.11/site-packages/sqlalchemy/orm/session.py\", line 2955, in query\n    return self._query_cls(entities, self, **kwargs)\n           ^^^^^^^^^^^^^^^^^^^^^^^^^^^^^^^^^^^^^^^^^\n  File \"/home/runner/workspace/.pythonlibs/lib/python3.11/site-packages/sqlalchemy/orm/query.py\", line 276, in __init__\n    self._set_entities(entities)\n  File \"/home/runner/workspace/.pythonlibs/lib/python3.11/site-packages/sqlalchemy/orm/query.py\", line 288, in _set_entities\n    self._raw_columns = [\n                        ^\n  File \"/home/runner/workspace/.pythonlibs/lib/python3.11/site-packages/sqlalchemy/orm/query.py\", line 289, in <listcomp>\n    coercions.expect(\n  File \"/home/runner/workspace/.pythonlibs/lib/python3.11/site-packages/sqlalchemy/sql/coercions.py\", line 395, in expect\n    resolved = impl._literal_coercion(\n               ^^^^^^^^^^^^^^^^^^^^^^^\n  File \"/home/runner/workspace/.pythonlibs/lib/python3.11/site-packages/sqlalchemy/sql/coercions.py\", line 634, in _literal_coercion\n    self._raise_for_expected(element, argname)\n  File \"/home/runner/workspace/.pythonlibs/lib/python3.11/site-packages/sqlalchemy/sql/coercions.py\", line 1132, in _raise_for_expected\n    return super()._raise_for_expected(\n           ^^^^^^^^^^^^^^^^^^^^^^^^^^^^\n  File \"/home/runner/workspace/.pythonlibs/lib/python3.11/site-packages/sqlalchemy/sql/coercions.py\", line 695, in _raise_for_expected\n    super()._raise_for_expected(\n  File \"/home/runner/workspace/.pythonlibs/lib/python3.11/site-packages/sqlalchemy/sql/coercions.py\", line 518, in _raise_for_expected\n    raise exc.ArgumentError(msg, code=code) from err\nsqlalchemy.exc.ArgumentError: Column expression, FROM clause, or other columns clause element expected, got <property object at 0x7fb767fca610>.\n",
    "timestamp": "2026-01-21T05:12:33.572557"
  },
  {
    "iteration": 6,
    "test": "15.1_db_variant_selection",
    "error_type": "ArgumentError",
    "message": "Column expression, FROM clause, or other columns clause element expected, got <property object at 0x7fb767fca610>.",
    "traceback": "Traceback (most recent call last):\n  File \"/home/runner/workspace/ralph_loop.py\", line 1032, in run_screening_engine_tests\n    variant_groups = db.session.query(\n                     ^^^^^^^^^^^^^^^^^\n  File \"/home/runner/workspace/.pythonlibs/lib/python3.11/site-packages/sqlalchemy/orm/scoping.py\", line 1680, in query\n    return self._proxied.query(*entities, **kwargs)\n           ^^^^^^^^^^^^^^^^^^^^^^^^^^^^^^^^^^^^^^^^\n  File \"/home/runner/workspace/.pythonlibs/lib/python3.11/site-packages/sqlalchemy/orm/session.py\", line 2955, in query\n    return self._query_cls(entities, self, **kwargs)\n           ^^^^^^^^^^^^^^^^^^^^^^^^^^^^^^^^^^^^^^^^^\n  File \"/home/runner/workspace/.pythonlibs/lib/python3.11/site-packages/sqlalchemy/orm/query.py\", line 276, in __init__\n    self._set_entities(entities)\n  File \"/home/runner/workspace/.pythonlibs/lib/python3.11/site-packages/sqlalchemy/orm/query.py\", line 288, in _set_entities\n    self._raw_columns = [\n                        ^\n  File \"/home/runner/workspace/.pythonlibs/lib/python3.11/site-packages/sqlalchemy/orm/query.py\", line 289, in <listcomp>\n    coercions.expect(\n  File \"/home/runner/workspace/.pythonlibs/lib/python3.11/site-packages/sqlalchemy/sql/coercions.py\", line 395, in expect\n    resolved = impl._literal_coercion(\n               ^^^^^^^^^^^^^^^^^^^^^^^\n  File \"/home/runner/workspace/.pythonlibs/lib/python3.11/site-packages/sqlalchemy/sql/coercions.py\", line 634, in _literal_coercion\n    self._raise_for_expected(element, argname)\n  File \"/home/runner/workspace/.pythonlibs/lib/python3.11/site-packages/sqlalchemy/sql/coercions.py\", line 1132, in _raise_for_expected\n    return super()._raise_for_expected(\n           ^^^^^^^^^^^^^^^^^^^^^^^^^^^^\n  File \"/home/runner/workspace/.pythonlibs/lib/python3.11/site-packages/sqlalchemy/sql/coercions.py\", line 695, in _raise_for_expected\n    super()._raise_for_expected(\n  File \"/home/runner/workspace/.pythonlibs/lib/python3.11/site-packages/sqlalchemy/sql/coercions.py\", line 518, in _raise_for_expected\n    raise exc.ArgumentError(msg, code=code) from err\nsqlalchemy.exc.ArgumentError: Column expression, FROM clause, or other columns clause element expected, got <property object at 0x7fb767fca610>.\n",
    "timestamp": "2026-01-21T05:12:37.961072"
  },
  {
    "iteration": 7,
    "test": "15.1_db_variant_selection",
    "error_type": "ArgumentError",
    "message": "Column expression, FROM clause, or other columns clause element expected, got <property object at 0x7fb767fca610>.",
    "traceback": "Traceback (most recent call last):\n  File \"/home/runner/workspace/ralph_loop.py\", line 1032, in run_screening_engine_tests\n    variant_groups = db.session.query(\n                     ^^^^^^^^^^^^^^^^^\n  File \"/home/runner/workspace/.pythonlibs/lib/python3.11/site-packages/sqlalchemy/orm/scoping.py\", line 1680, in query\n    return self._proxied.query(*entities, **kwargs)\n           ^^^^^^^^^^^^^^^^^^^^^^^^^^^^^^^^^^^^^^^^\n  File \"/home/runner/workspace/.pythonlibs/lib/python3.11/site-packages/sqlalchemy/orm/session.py\", line 2955, in query\n    return self._query_cls(entities, self, **kwargs)\n           ^^^^^^^^^^^^^^^^^^^^^^^^^^^^^^^^^^^^^^^^^\n  File \"/home/runner/workspace/.pythonlibs/lib/python3.11/site-packages/sqlalchemy/orm/query.py\", line 276, in __init__\n    self._set_entities(entities)\n  File \"/home/runner/workspace/.pythonlibs/lib/python3.11/site-packages/sqlalchemy/orm/query.py\", line 288, in _set_entities\n    self._raw_columns = [\n                        ^\n  File \"/home/runner/workspace/.pythonlibs/lib/python3.11/site-packages/sqlalchemy/orm/query.py\", line 289, in <listcomp>\n    coercions.expect(\n  File \"/home/runner/workspace/.pythonlibs/lib/python3.11/site-packages/sqlalchemy/sql/coercions.py\", line 395, in expect\n    resolved = impl._literal_coercion(\n               ^^^^^^^^^^^^^^^^^^^^^^^\n  File \"/home/runner/workspace/.pythonlibs/lib/python3.11/site-packages/sqlalchemy/sql/coercions.py\", line 634, in _literal_coercion\n    self._raise_for_expected(element, argname)\n  File \"/home/runner/workspace/.pythonlibs/lib/python3.11/site-packages/sqlalchemy/sql/coercions.py\", line 1132, in _raise_for_expected\n    return super()._raise_for_expected(\n           ^^^^^^^^^^^^^^^^^^^^^^^^^^^^\n  File \"/home/runner/workspace/.pythonlibs/lib/python3.11/site-packages/sqlalchemy/sql/coercions.py\", line 695, in _raise_for_expected\n    super()._raise_for_expected(\n  File \"/home/runner/workspace/.pythonlibs/lib/python3.11/site-packages/sqlalchemy/sql/coercions.py\", line 518, in _raise_for_expected\n    raise exc.ArgumentError(msg, code=code) from err\nsqlalchemy.exc.ArgumentError: Column expression, FROM clause, or other columns clause element expected, got <property object at 0x7fb767fca610>.\n",
    "timestamp": "2026-01-21T05:12:40.003190"
  },
  {
    "iteration": 8,
    "test": "15.1_db_variant_selection",
    "error_type": "ArgumentError",
    "message": "Column expression, FROM clause, or other columns clause element expected, got <property object at 0x7fb767fca610>.",
    "traceback": "Traceback (most recent call last):\n  File \"/home/runner/workspace/ralph_loop.py\", line 1032, in run_screening_engine_tests\n    variant_groups = db.session.query(\n                     ^^^^^^^^^^^^^^^^^\n  File \"/home/runner/workspace/.pythonlibs/lib/python3.11/site-packages/sqlalchemy/orm/scoping.py\", line 1680, in query\n    return self._proxied.query(*entities, **kwargs)\n           ^^^^^^^^^^^^^^^^^^^^^^^^^^^^^^^^^^^^^^^^\n  File \"/home/runner/workspace/.pythonlibs/lib/python3.11/site-packages/sqlalchemy/orm/session.py\", line 2955, in query\n    return self._query_cls(entities, self, **kwargs)\n           ^^^^^^^^^^^^^^^^^^^^^^^^^^^^^^^^^^^^^^^^^\n  File \"/home/runner/workspace/.pythonlibs/lib/python3.11/site-packages/sqlalchemy/orm/query.py\", line 276, in __init__\n    self._set_entities(entities)\n  File \"/home/runner/workspace/.pythonlibs/lib/python3.11/site-packages/sqlalchemy/orm/query.py\", line 288, in _set_entities\n    self._raw_columns = [\n                        ^\n  File \"/home/runner/workspace/.pythonlibs/lib/python3.11/site-packages/sqlalchemy/orm/query.py\", line 289, in <listcomp>\n    coercions.expect(\n  File \"/home/runner/workspace/.pythonlibs/lib/python3.11/site-packages/sqlalchemy/sql/coercions.py\", line 395, in expect\n    resolved = impl._literal_coercion(\n               ^^^^^^^^^^^^^^^^^^^^^^^\n  File \"/home/runner/workspace/.pythonlibs/lib/python3.11/site-packages/sqlalchemy/sql/coercions.py\", line 634, in _literal_coercion\n    self._raise_for_expected(element, argname)\n  File \"/home/runner/workspace/.pythonlibs/lib/python3.11/site-packages/sqlalchemy/sql/coercions.py\", line 1132, in _raise_for_expected\n    return super()._raise_for_expected(\n           ^^^^^^^^^^^^^^^^^^^^^^^^^^^^\n  File \"/home/runner/workspace/.pythonlibs/lib/python3.11/site-packages/sqlalchemy/sql/coercions.py\", line 695, in _raise_for_expected\n    super()._raise_for_expected(\n  File \"/home/runner/workspace/.pythonlibs/lib/python3.11/site-packages/sqlalchemy/sql/coercions.py\", line 518, in _raise_for_expected\n    raise exc.ArgumentError(msg, code=code) from err\nsqlalchemy.exc.ArgumentError: Column expression, FROM clause, or other columns clause element expected, got <property object at 0x7fb767fca610>.\n",
    "timestamp": "2026-01-21T05:12:44.453329"
  },
  {
    "iteration": 9,
    "test": "15.1_db_variant_selection",
    "error_type": "ArgumentError",
    "message": "Column expression, FROM clause, or other columns clause element expected, got <property object at 0x7fb767fca610>.",
    "traceback": "Traceback (most recent call last):\n  File \"/home/runner/workspace/ralph_loop.py\", line 1032, in run_screening_engine_tests\n    variant_groups = db.session.query(\n                     ^^^^^^^^^^^^^^^^^\n  File \"/home/runner/workspace/.pythonlibs/lib/python3.11/site-packages/sqlalchemy/orm/scoping.py\", line 1680, in query\n    return self._proxied.query(*entities, **kwargs)\n           ^^^^^^^^^^^^^^^^^^^^^^^^^^^^^^^^^^^^^^^^\n  File \"/home/runner/workspace/.pythonlibs/lib/python3.11/site-packages/sqlalchemy/orm/session.py\", line 2955, in query\n    return self._query_cls(entities, self, **kwargs)\n           ^^^^^^^^^^^^^^^^^^^^^^^^^^^^^^^^^^^^^^^^^\n  File \"/home/runner/workspace/.pythonlibs/lib/python3.11/site-packages/sqlalchemy/orm/query.py\", line 276, in __init__\n    self._set_entities(entities)\n  File \"/home/runner/workspace/.pythonlibs/lib/python3.11/site-packages/sqlalchemy/orm/query.py\", line 288, in _set_entities\n    self._raw_columns = [\n                        ^\n  File \"/home/runner/workspace/.pythonlibs/lib/python3.11/site-packages/sqlalchemy/orm/query.py\", line 289, in <listcomp>\n    coercions.expect(\n  File \"/home/runner/workspace/.pythonlibs/lib/python3.11/site-packages/sqlalchemy/sql/coercions.py\", line 395, in expect\n    resolved = impl._literal_coercion(\n               ^^^^^^^^^^^^^^^^^^^^^^^\n  File \"/home/runner/workspace/.pythonlibs/lib/python3.11/site-packages/sqlalchemy/sql/coercions.py\", line 634, in _literal_coercion\n    self._raise_for_expected(element, argname)\n  File \"/home/runner/workspace/.pythonlibs/lib/python3.11/site-packages/sqlalchemy/sql/coercions.py\", line 1132, in _raise_for_expected\n    return super()._raise_for_expected(\n           ^^^^^^^^^^^^^^^^^^^^^^^^^^^^\n  File \"/home/runner/workspace/.pythonlibs/lib/python3.11/site-packages/sqlalchemy/sql/coercions.py\", line 695, in _raise_for_expected\n    super()._raise_for_expected(\n  File \"/home/runner/workspace/.pythonlibs/lib/python3.11/site-packages/sqlalchemy/sql/coercions.py\", line 518, in _raise_for_expected\n    raise exc.ArgumentError(msg, code=code) from err\nsqlalchemy.exc.ArgumentError: Column expression, FROM clause, or other columns clause element expected, got <property object at 0x7fb767fca610>.\n",
    "timestamp": "2026-01-21T05:12:46.622884"
  },
  {
    "iteration": 10,
    "test": "15.1_db_variant_selection",
    "error_type": "ArgumentError",
    "message": "Column expression, FROM clause, or other columns clause element expected, got <property object at 0x7fb767fca610>.",
    "traceback": "Traceback (most recent call last):\n  File \"/home/runner/workspace/ralph_loop.py\", line 1032, in run_screening_engine_tests\n    variant_groups = db.session.query(\n                     ^^^^^^^^^^^^^^^^^\n  File \"/home/runner/workspace/.pythonlibs/lib/python3.11/site-packages/sqlalchemy/orm/scoping.py\", line 1680, in query\n    return self._proxied.query(*entities, **kwargs)\n           ^^^^^^^^^^^^^^^^^^^^^^^^^^^^^^^^^^^^^^^^\n  File \"/home/runner/workspace/.pythonlibs/lib/python3.11/site-packages/sqlalchemy/orm/session.py\", line 2955, in query\n    return self._query_cls(entities, self, **kwargs)\n           ^^^^^^^^^^^^^^^^^^^^^^^^^^^^^^^^^^^^^^^^^\n  File \"/home/runner/workspace/.pythonlibs/lib/python3.11/site-packages/sqlalchemy/orm/query.py\", line 276, in __init__\n    self._set_entities(entities)\n  File \"/home/runner/workspace/.pythonlibs/lib/python3.11/site-packages/sqlalchemy/orm/query.py\", line 288, in _set_entities\n    self._raw_columns = [\n                        ^\n  File \"/home/runner/workspace/.pythonlibs/lib/python3.11/site-packages/sqlalchemy/orm/query.py\", line 289, in <listcomp>\n    coercions.expect(\n  File \"/home/runner/workspace/.pythonlibs/lib/python3.11/site-packages/sqlalchemy/sql/coercions.py\", line 395, in expect\n    resolved = impl._literal_coercion(\n               ^^^^^^^^^^^^^^^^^^^^^^^\n  File \"/home/runner/workspace/.pythonlibs/lib/python3.11/site-packages/sqlalchemy/sql/coercions.py\", line 634, in _literal_coercion\n    self._raise_for_expected(element, argname)\n  File \"/home/runner/workspace/.pythonlibs/lib/python3.11/site-packages/sqlalchemy/sql/coercions.py\", line 1132, in _raise_for_expected\n    return super()._raise_for_expected(\n           ^^^^^^^^^^^^^^^^^^^^^^^^^^^^\n  File \"/home/runner/workspace/.pythonlibs/lib/python3.11/site-packages/sqlalchemy/sql/coercions.py\", line 695, in _raise_for_expected\n    super()._raise_for_expected(\n  File \"/home/runner/workspace/.pythonlibs/lib/python3.11/site-packages/sqlalchemy/sql/coercions.py\", line 518, in _raise_for_expected\n    raise exc.ArgumentError(msg, code=code) from err\nsqlalchemy.exc.ArgumentError: Column expression, FROM clause, or other columns clause element expected, got <property object at 0x7fb767fca610>.\n",
    "timestamp": "2026-01-21T05:12:48.844042"
  },
  {
    "iteration": 1,
    "test": "17.2_variant_association",
    "error_type": "AssertionError",
    "message": "All variants should have same base_name: Cervical Cancer Screening, Cervical Cancer Screening - mild risk, Cervical Cancer Screening - high risk",
    "traceback": "Traceback (most recent call last):\n  File \"/home/runner/workspace/ralph_loop.py\", line 1282, in run_screening_engine_tests\n    assert st1.base_name == st2.base_name == st3.base_name, \\\n           ^^^^^^^^^^^^^^^^^^^^^^^^^^^^^^^^^^^^^^^^^^^^^^^\nAssertionError: All variants should have same base_name: Cervical Cancer Screening, Cervical Cancer Screening - mild risk, Cervical Cancer Screening - high risk\n",
    "timestamp": "2026-01-21T19:02:15.327895"
  },
  {
    "iteration": 2,
    "test": "17.2_variant_association",
    "error_type": "AssertionError",
    "message": "All variants should have same base_name: Cervical Cancer Screening, Cervical Cancer Screening - mild risk, Cervical Cancer Screening - high risk",
    "traceback": "Traceback (most recent call last):\n  File \"/home/runner/workspace/ralph_loop.py\", line 1282, in run_screening_engine_tests\n    assert st1.base_name == st2.base_name == st3.base_name, \\\n           ^^^^^^^^^^^^^^^^^^^^^^^^^^^^^^^^^^^^^^^^^^^^^^^\nAssertionError: All variants should have same base_name: Cervical Cancer Screening, Cervical Cancer Screening - mild risk, Cervical Cancer Screening - high risk\n",
    "timestamp": "2026-01-21T19:02:17.380390"
  },
  {
    "iteration": 3,
    "test": "17.2_variant_association",
    "error_type": "AssertionError",
    "message": "All variants should have same base_name: Cervical Cancer Screening, Cervical Cancer Screening - mild risk, Cervical Cancer Screening - high risk",
    "traceback": "Traceback (most recent call last):\n  File \"/home/runner/workspace/ralph_loop.py\", line 1282, in run_screening_engine_tests\n    assert st1.base_name == st2.base_name == st3.base_name, \\\n           ^^^^^^^^^^^^^^^^^^^^^^^^^^^^^^^^^^^^^^^^^^^^^^^\nAssertionError: All variants should have same base_name: Cervical Cancer Screening, Cervical Cancer Screening - mild risk, Cervical Cancer Screening - high risk\n",
    "timestamp": "2026-01-21T19:02:19.461731"
  },
  {
    "iteration": 4,
    "test": "17.2_variant_association",
    "error_type": "AssertionError",
    "message": "All variants should have same base_name: Cervical Cancer Screening, Cervical Cancer Screening - mild risk, Cervical Cancer Screening - high risk",
    "traceback": "Traceback (most recent call last):\n  File \"/home/runner/workspace/ralph_loop.py\", line 1282, in run_screening_engine_tests\n    assert st1.base_name == st2.base_name == st3.base_name, \\\n           ^^^^^^^^^^^^^^^^^^^^^^^^^^^^^^^^^^^^^^^^^^^^^^^\nAssertionError: All variants should have same base_name: Cervical Cancer Screening, Cervical Cancer Screening - mild risk, Cervical Cancer Screening - high risk\n",
    "timestamp": "2026-01-21T19:02:21.576862"
  },
  {
    "iteration": 5,
    "test": "17.2_variant_association",
    "error_type": "AssertionError",
    "message": "All variants should have same base_name: Cervical Cancer Screening, Cervical Cancer Screening - mild risk, Cervical Cancer Screening - high risk",
    "traceback": "Traceback (most recent call last):\n  File \"/home/runner/workspace/ralph_loop.py\", line 1282, in run_screening_engine_tests\n    assert st1.base_name == st2.base_name == st3.base_name, \\\n           ^^^^^^^^^^^^^^^^^^^^^^^^^^^^^^^^^^^^^^^^^^^^^^^\nAssertionError: All variants should have same base_name: Cervical Cancer Screening, Cervical Cancer Screening - mild risk, Cervical Cancer Screening - high risk\n",
    "timestamp": "2026-01-21T19:02:23.709884"
  },
  {
    "iteration": 6,
    "test": "17.2_variant_association",
    "error_type": "AssertionError",
    "message": "All variants should have same base_name: Cervical Cancer Screening, Cervical Cancer Screening - mild risk, Cervical Cancer Screening - high risk",
    "traceback": "Traceback (most recent call last):\n  File \"/home/runner/workspace/ralph_loop.py\", line 1282, in run_screening_engine_tests\n    assert st1.base_name == st2.base_name == st3.base_name, \\\n           ^^^^^^^^^^^^^^^^^^^^^^^^^^^^^^^^^^^^^^^^^^^^^^^\nAssertionError: All variants should have same base_name: Cervical Cancer Screening, Cervical Cancer Screening - mild risk, Cervical Cancer Screening - high risk\n",
    "timestamp": "2026-01-21T19:02:26.055584"
  },
  {
    "iteration": 7,
    "test": "17.2_variant_association",
    "error_type": "AssertionError",
    "message": "All variants should have same base_name: Cervical Cancer Screening, Cervical Cancer Screening - mild risk, Cervical Cancer Screening - high risk",
    "traceback": "Traceback (most recent call last):\n  File \"/home/runner/workspace/ralph_loop.py\", line 1282, in run_screening_engine_tests\n    assert st1.base_name == st2.base_name == st3.base_name, \\\n           ^^^^^^^^^^^^^^^^^^^^^^^^^^^^^^^^^^^^^^^^^^^^^^^\nAssertionError: All variants should have same base_name: Cervical Cancer Screening, Cervical Cancer Screening - mild risk, Cervical Cancer Screening - high risk\n",
    "timestamp": "2026-01-21T19:02:28.167924"
  },
  {
    "iteration": 8,
    "test": "17.2_variant_association",
    "error_type": "AssertionError",
    "message": "All variants should have same base_name: Cervical Cancer Screening, Cervical Cancer Screening - mild risk, Cervical Cancer Screening - high risk",
    "traceback": "Traceback (most recent call last):\n  File \"/home/runner/workspace/ralph_loop.py\", line 1282, in run_screening_engine_tests\n    assert st1.base_name == st2.base_name == st3.base_name, \\\n           ^^^^^^^^^^^^^^^^^^^^^^^^^^^^^^^^^^^^^^^^^^^^^^^\nAssertionError: All variants should have same base_name: Cervical Cancer Screening, Cervical Cancer Screening - mild risk, Cervical Cancer Screening - high risk\n",
    "timestamp": "2026-01-21T19:02:30.343993"
  },
  {
    "iteration": 9,
    "test": "17.2_variant_association",
    "error_type": "AssertionError",
    "message": "All variants should have same base_name: Cervical Cancer Screening, Cervical Cancer Screening - mild risk, Cervical Cancer Screening - high risk",
    "traceback": "Traceback (most recent call last):\n  File \"/home/runner/workspace/ralph_loop.py\", line 1282, in run_screening_engine_tests\n    assert st1.base_name == st2.base_name == st3.base_name, \\\n           ^^^^^^^^^^^^^^^^^^^^^^^^^^^^^^^^^^^^^^^^^^^^^^^\nAssertionError: All variants should have same base_name: Cervical Cancer Screening, Cervical Cancer Screening - mild risk, Cervical Cancer Screening - high risk\n",
    "timestamp": "2026-01-21T19:02:32.483319"
  },
  {
    "iteration": 10,
    "test": "17.2_variant_association",
    "error_type": "AssertionError",
    "message": "All variants should have same base_name: Cervical Cancer Screening, Cervical Cancer Screening - mild risk, Cervical Cancer Screening - high risk",
    "traceback": "Traceback (most recent call last):\n  File \"/home/runner/workspace/ralph_loop.py\", line 1282, in run_screening_engine_tests\n    assert st1.base_name == st2.base_name == st3.base_name, \\\n           ^^^^^^^^^^^^^^^^^^^^^^^^^^^^^^^^^^^^^^^^^^^^^^^\nAssertionError: All variants should have same base_name: Cervical Cancer Screening, Cervical Cancer Screening - mild risk, Cervical Cancer Screening - high risk\n",
    "timestamp": "2026-01-21T19:02:34.555162"
  }
]