NFO:werkzeug:172.31.64.98 - - [05/Aug/2025 01:57:36] "GET /static/css/custom.css HTTP/1.1" 304 -
INFO:werkzeug:172.31.64.98 - - [05/Aug/2025 01:57:36] "GET /static/css/loading-states.css HTTP/1.1" 304 -
INFO:werkzeug:172.31.64.98 - - [05/Aug/2025 01:57:36] "GET /static/css/medical_terminology_ui.css HTTP/1.1" 304 -
INFO:werkzeug:172.31.64.98 - - [05/Aug/2025 01:57:36] "GET /static/js/screening_modals.js HTTP/1.1" 304 -
INFO:werkzeug:172.31.64.98 - - [05/Aug/2025 01:57:36] "GET /static/js/screening_performance.js HTTP/1.1" 304 -
INFO:werkzeug:172.31.64.98 - - [05/Aug/2025 01:57:36] "GET /static/js/medical_terminology.js HTTP/1.1" 304 -
INFO:werkzeug:172.31.64.98 - - [05/Aug/2025 01:57:36] "GET /screening/types HTTP/1.1" 200 -
INFO:werkzeug:172.31.64.98 - - [05/Aug/2025 01:57:37] "GET /static/css/medical_terminology_ui.css HTTP/1.1" 304 -
INFO:werkzeug:172.31.64.98 - - [05/Aug/2025 01:57:37] "GET /static/css/custom.css HTTP/1.1" 304 -
INFO:werkzeug:172.31.64.98 - - [05/Aug/2025 01:57:37] "GET /static/css/loading-states.css HTTP/1.1" 304 -
INFO:werkzeug:172.31.64.98 - - [05/Aug/2025 01:57:37] "GET /static/js/medical_terminology.js HTTP/1.1" 304 -
INFO:werkzeug:172.31.64.98 - - [05/Aug/2025 01:57:37] "GET /screening/type/add HTTP/1.1" 200 -
INFO:werkzeug:172.31.64.98 - - [05/Aug/2025 01:57:38] "GET /static/css/custom.css HTTP/1.1" 304 -
INFO:werkzeug:172.31.64.98 - - [05/Aug/2025 01:57:38] "GET /static/css/loading-states.css HTTP/1.1" 304 -
INFO:werkzeug:172.31.64.98 - - [05/Aug/2025 01:57:38] "GET /static/js/medical_terminology.js HTTP/1.1" 304 -
INFO:werkzeug:172.31.64.98 - - [05/Aug/2025 01:57:38] "GET /static/css/medical_terminology_ui.css HTTP/1.1" 304 -
INFO:werkzeug:172.31.64.98 - - [05/Aug/2025 01:57:41] "GET /screening/types HTTP/1.1" 200 -
INFO:werkzeug:172.31.64.98 - - [05/Aug/2025 01:57:41] "GET /static/js/medical_terminology.js HTTP/1.1" 304 -
INFO:werkzeug:172.31.64.98 - - [05/Aug/2025 01:57:41] "GET /static/css/custom.css HTTP/1.1" 304 -
INFO:werkzeug:172.31.64.98 - - [05/Aug/2025 01:57:41] "GET /static/css/loading-states.css HTTP/1.1" 304 -
INFO:werkzeug:172.31.64.98 - - [05/Aug/2025 01:57:41] "GET /static/css/medical_terminology_ui.css HTTP/1.1" 304 -
INFO:werkzeug:172.31.64.98 - - [05/Aug/2025 01:57:43] "GET /screening/settings HTTP/1.1" 200 -
INFO:werkzeug:172.31.64.98 - - [05/Aug/2025 01:57:43] "GET /static/css/custom.css HTTP/1.1" 304 -
INFO:werkzeug:172.31.64.98 - - [05/Aug/2025 01:57:43] "GET /static/js/medical_terminology.js HTTP/1.1" 304 -
INFO:werkzeug:172.31.64.98 - - [05/Aug/2025 01:57:43] "GET /static/css/loading-states.css HTTP/1.1" 304 -
INFO:werkzeug:172.31.64.98 - - [05/Aug/2025 01:57:43] "GET /static/css/medical_terminology_ui.css HTTP/1.1" 304 -
INFO:werkzeug:172.31.64.98 - - [05/Aug/2025 01:57:45] "GET /screening/list HTTP/1.1" 200 -
INFO:werkzeug:172.31.64.98 - - [05/Aug/2025 01:57:45] "GET /static/js/screening_modals.js HTTP/1.1" 304 -
INFO:werkzeug:172.31.64.98 - - [05/Aug/2025 01:57:45] "GET /static/css/loading-states.css HTTP/1.1" 304 -
INFO:werkzeug:172.31.64.98 - - [05/Aug/2025 01:57:45] "GET /static/js/screening_performance.js HTTP/1.1" 304 -
INFO:werkzeug:172.31.64.98 - - [05/Aug/2025 01:57:45] "GET /static/css/custom.css HTTP/1.1" 304 -
INFO:werkzeug:172.31.64.98 - - [05/Aug/2025 01:57:45] "GET /static/css/medical_terminology_ui.css HTTP/1.1" 304 -
INFO:werkzeug:172.31.64.98 - - [05/Aug/2025 01:57:45] "GET /static/js/medical_terminology.js HTTP/1.1" 304 -
INFO:werkzeug:172.31.64.98 - - [05/Aug/2025 01:57:46] "GET /screening/types HTTP/1.1" 200 -
INFO:werkzeug:172.31.64.98 - - [05/Aug/2025 01:57:46] "GET /static/css/custom.css HTTP/1.1" 304 -
INFO:werkzeug:172.31.64.98 - - [05/Aug/2025 01:57:46] "GET /static/css/medical_terminology_ui.css HTTP/1.1" 304 -
INFO:werkzeug:172.31.64.98 - - [05/Aug/2025 01:57:46] "GET /static/css/loading-states.css HTTP/1.1" 304 -
INFO:werkzeug:172.31.64.98 - - [05/Aug/2025 01:57:46] "GET /static/js/medical_terminology.js HTTP/1.1" 304 -
INFO:werkzeug:172.31.64.98 - - [05/Aug/2025 02:03:08] "GET /dashboard HTTP/1.1" 200 -
INFO:werkzeug:172.31.64.98 - - [05/Aug/2025 02:03:08] "GET /static/css/custom.css HTTP/1.1" 304 -
INFO:werkzeug:172.31.64.98 - - [05/Aug/2025 02:03:08] "GET /static/css/medical_terminology_ui.css HTTP/1.1" 304 -
INFO:werkzeug:172.31.64.98 - - [05/Aug/2025 02:03:08] "GET /static/css/loading-states.css HTTP/1.1" 304 -
INFO:werkzeug:172.31.64.98 - - [05/Aug/2025 02:03:08] "GET /static/js/medical_terminology.js HTTP/1.1" 304 -
INFO:werkzeug:172.31.64.98 - - [05/Aug/2025 02:03:19] "GET /auth/logout HTTP/1.1" 302 -
INFO:werkzeug:172.31.64.98 - - [05/Aug/2025 02:03:19] "GET /auth/login HTTP/1.1" 200 -
INFO:werkzeug:172.31.64.98 - - [05/Aug/2025 02:03:19] "GET /static/css/custom.css HTTP/1.1" 304 -
INFO:werkzeug:172.31.64.98 - - [05/Aug/2025 02:03:19] "GET /static/css/medical_terminology_ui.css HTTP/1.1" 304 -
INFO:werkzeug:172.31.64.98 - - [05/Aug/2025 02:03:19] "GET /static/css/loading-states.css HTTP/1.1" 304 -
INFO:werkzeug:172.31.64.98 - - [05/Aug/2025 02:03:19] "GET /static/js/medical_terminology.js HTTP/1.1" 304 -
INFO:werkzeug:172.31.64.98 - - [05/Aug/2025 02:03:41] "POST /auth/login HTTP/1.1" 302 -
INFO:werkzeug:172.31.64.98 - - [05/Aug/2025 02:03:41] "GET /home HTTP/1.1" 200 -
INFO:werkzeug:172.31.64.98 - - [05/Aug/2025 02:03:41] "GET /static/css/loading-states.css HTTP/1.1" 304 -
INFO:werkzeug:172.31.64.98 - - [05/Aug/2025 02:03:41] "GET /static/css/custom.css HTTP/1.1" 304 -
INFO:werkzeug:172.31.64.98 - - [05/Aug/2025 02:03:41] "GET /static/css/medical_terminology_ui.css HTTP/1.1" 304 -
INFO:werkzeug:172.31.64.98 - - [05/Aug/2025 02:03:41] "GET /static/js/medical_terminology.js HTTP/1.1" 304 -
INFO:werkzeug:172.31.64.98 - - [05/Aug/2025 02:03:52] "GET /screening/types HTTP/1.1" 200 -
INFO:werkzeug:172.31.64.98 - - [05/Aug/2025 02:03:52] "GET /static/css/loading-states.css HTTP/1.1" 304 -
INFO:werkzeug:172.31.64.98 - - [05/Aug/2025 02:03:52] "GET /static/css/custom.css HTTP/1.1" 304 -
INFO:werkzeug:172.31.64.98 - - [05/Aug/2025 02:03:52] "GET /static/css/medical_terminology_ui.css HTTP/1.1" 304 -
INFO:werkzeug:172.31.64.98 - - [05/Aug/2025 02:03:52] "GET /static/js/medical_terminology.js HTTP/1.1" 304 -
INFO:werkzeug:172.31.64.98 - - [05/Aug/2025 02:03:55] "GET /screening/list HTTP/1.1" 200 -
INFO:werkzeug:172.31.64.98 - - [05/Aug/2025 02:03:55] "GET /static/css/custom.css HTTP/1.1" 304 -
INFO:werkzeug:172.31.64.98 - - [05/Aug/2025 02:03:55] "GET /static/css/loading-states.css HTTP/1.1" 304 -
INFO:werkzeug:172.31.64.98 - - [05/Aug/2025 02:03:55] "GET /static/css/medical_terminology_ui.css HTTP/1.1" 304 -
INFO:werkzeug:172.31.64.98 - - [05/Aug/2025 02:03:55] "GET /static/js/screening_modals.js HTTP/1.1" 304 -
INFO:werkzeug:172.31.64.98 - - [05/Aug/2025 02:03:55] "GET /static/js/screening_performance.js HTTP/1.1" 304 -
INFO:werkzeug:172.31.64.98 - - [05/Aug/2025 02:03:55] "GET /static/js/medical_terminology.js HTTP/1.1" 304 -
INFO:werkzeug:172.31.64.98 - - [05/Aug/2025 02:03:57] "GET /screening/types HTTP/1.1" 200 -
INFO:werkzeug:172.31.64.98 - - [05/Aug/2025 02:03:57] "GET /static/css/medical_terminology_ui.css HTTP/1.1" 304 -
INFO:werkzeug:172.31.64.98 - - [05/Aug/2025 02:03:57] "GET /static/css/custom.css HTTP/1.1" 304 -
INFO:werkzeug:172.31.64.98 - - [05/Aug/2025 02:03:57] "GET /static/css/loading-states.css HTTP/1.1" 304 -
INFO:werkzeug:172.31.64.98 - - [05/Aug/2025 02:03:57] "GET /static/js/medical_terminology.js HTTP/1.1" 304 -
INFO:werkzeug:172.31.64.98 - - [05/Aug/2025 02:03:58] "GET /screening/list HTTP/1.1" 200 -
INFO:werkzeug:172.31.64.98 - - [05/Aug/2025 02:03:58] "GET /static/css/custom.css HTTP/1.1" 304 -
INFO:werkzeug:172.31.64.98 - - [05/Aug/2025 02:03:58] "GET /static/css/medical_terminology_ui.css HTTP/1.1" 304 -
INFO:werkzeug:172.31.64.98 - - [05/Aug/2025 02:03:58] "GET /static/css/loading-states.css HTTP/1.1" 304 -
INFO:werkzeug:172.31.64.98 - - [05/Aug/2025 02:03:58] "GET /static/js/screening_modals.js HTTP/1.1" 304 -
INFO:werkzeug:172.31.64.98 - - [05/Aug/2025 02:03:58] "GET /static/js/medical_terminology.js HTTP/1.1" 304 -
INFO:werkzeug:172.31.64.98 - - [05/Aug/2025 02:03:58] "GET /static/js/screening_performance.js HTTP/1.1" 304 -
INFO:werkzeug:172.31.64.98 - - [05/Aug/2025 02:04:02] "GET /screening/types HTTP/1.1" 200 -
INFO:werkzeug:172.31.64.98 - - [05/Aug/2025 02:04:02] "GET /static/css/loading-states.css HTTP/1.1" 304 -
INFO:werkzeug:172.31.64.98 - - [05/Aug/2025 02:04:02] "GET /static/css/custom.css HTTP/1.1" 304 -
INFO:werkzeug:172.31.64.98 - - [05/Aug/2025 02:04:02] "GET /static/css/medical_terminology_ui.css HTTP/1.1" 304 -
INFO:werkzeug:172.31.64.98 - - [05/Aug/2025 02:04:02] "GET /static/js/medical_terminology.js HTTP/1.1" 304 -
INFO:flask_wtf.csrf:The CSRF token is missing.
INFO:werkzeug:172.31.64.98 - - [05/Aug/2025 02:04:14] "POST /screening/type/2/toggle-status HTTP/1.1" 500 -
Traceback (most recent call last):
  File "/home/runner/workspace/.pythonlibs/lib/python3.11/site-packages/flask_wtf/csrf.py", line 261, in protect
    validate_csrf(self._get_csrf_token())
  File "/home/runner/workspace/.pythonlibs/lib/python3.11/site-packages/flask_wtf/csrf.py", line 100, in validate_csrf
    raise ValidationError("The CSRF token is missing.")
wtforms.validators.ValidationError: The CSRF token is missing.

During handling of the above exception, another exception occurred:

Traceback (most recent call last):
  File "/home/runner/workspace/.pythonlibs/lib/python3.11/site-packages/flask/app.py", line 915, in full_dispatch_request
    rv = self.preprocess_request()
         ^^^^^^^^^^^^^^^^^^^^^^^^^
  File "/home/runner/workspace/.pythonlibs/lib/python3.11/site-packages/flask/app.py", line 1291, in preprocess_request
    rv = self.ensure_sync(before_func)()
         ^^^^^^^^^^^^^^^^^^^^^^^^^^^^^^^
  File "/home/runner/workspace/.pythonlibs/lib/python3.11/site-packages/flask_wtf/csrf.py", line 229, in csrf_protect
    self.protect()
  File "/home/runner/workspace/.pythonlibs/lib/python3.11/site-packages/flask_wtf/csrf.py", line 264, in protect
    self._error_response(e.args[0])
  File "/home/runner/workspace/.pythonlibs/lib/python3.11/site-packages/flask_wtf/csrf.py", line 307, in _error_response
    raise CSRFError(reason)
flask_wtf.csrf.CSRFError: 400 Bad Request: The CSRF token is missing.

During handling of the above exception, another exception occurred:

Traceback (most recent call last):
  File "/home/runner/workspace/.pythonlibs/lib/python3.11/site-packages/flask/app.py", line 1536, in __call__
    return self.wsgi_app(environ, start_response)
           ^^^^^^^^^^^^^^^^^^^^^^^^^^^^^^^^^^^^^^
  File "/home/runner/workspace/.pythonlibs/lib/python3.11/site-packages/flask/app.py", line 1514, in wsgi_app
    response = self.handle_exception(e)
               ^^^^^^^^^^^^^^^^^^^^^^^^
  File "/home/runner/workspace/.pythonlibs/lib/python3.11/site-packages/flask/app.py", line 1511, in wsgi_app
    response = self.full_dispatch_request()
               ^^^^^^^^^^^^^^^^^^^^^^^^^^^^
  File "/home/runner/workspace/.pythonlibs/lib/python3.11/site-packages/flask/app.py", line 919, in full_dispatch_request
    rv = self.handle_user_exception(e)
         ^^^^^^^^^^^^^^^^^^^^^^^^^^^^^
  File "/home/runner/workspace/.pythonlibs/lib/python3.11/site-packages/flask/app.py", line 802, in handle_user_exception
    return self.handle_http_exception(e)
           ^^^^^^^^^^^^^^^^^^^^^^^^^^^^^
  File "/home/runner/workspace/.pythonlibs/lib/python3.11/site-packages/flask/app.py", line 777, in handle_http_exception
    return self.ensure_sync(handler)(e)  # type: ignore[no-any-return]
           ^^^^^^^^^^^^^^^^^^^^^^^^^^^^^^^^^^^^^^^^^^^^^^^^^^^^^^^^^^^
  File "/home/runner/workspace/app.py", line 102, in bad_request
    return render_template('error/400.html'), 400
           ^^^^^^^^^^^^^^^^^^^^^^^^^^^^^^^^^^^^^^
  File "/home/runner/workspace/.pythonlibs/lib/python3.11/site-packages/flask/templating.py", line 150, in render_template
    return _render(app, template, context)
           ^^^^^^^^^^^^^^^^^^^^^^^^^^^^^^^
  File "/home/runner/workspace/.pythonlibs/lib/python3.11/site-packages/flask/templating.py", line 131, in _render
    rv = template.render(context)
         ^^^^^^^^^^^^^^^^^^^^^^^^
  File "/home/runner/workspace/.pythonlibs/lib/python3.11/site-packages/jinja2/environment.py", line 1295, in render
    self.environment.handle_exception()
  File "/home/runner/workspace/.pythonlibs/lib/python3.11/site-packages/jinja2/environment.py", line 942, in handle_exception
    raise rewrite_traceback_stack(source=source)
  File "/home/runner/workspace/templates/error/400.html", line 1, in top-level template code
    {% extends 'base_user.html' %}
  File "/home/runner/workspace/templates/base_user.html", line 109, in top-level template code
    {% block content %}{% endblock %}
  File "/home/runner/workspace/templates/error/400.html", line 47, in block 'content'
    <a href="{{ url_for('main.dashboard') }}" class="btn btn-primary me-2">
  File "/home/runner/workspace/.pythonlibs/lib/python3.11/site-packages/flask/app.py", line 1121, in url_for
    return self.handle_url_build_error(error, endpoint, values)
           ^^^^^^^^^^^^^^^^^^^^^^^^^^^^^^^^^^^^^^^^^^^^^^^^^^^^
  File "/home/runner/workspace/.pythonlibs/lib/python3.11/site-packages/flask/app.py", line 1110, in url_for
    rv = url_adapter.build(  # type: ignore[union-attr]
         ^^^^^^^^^^^^^^^^^^^^^^^^^^^^^^^^^^^^^^^^^^^^^^
  File "/home/runner/workspace/.pythonlibs/lib/python3.11/site-packages/werkzeug/routing/map.py", line 924, in build
    raise BuildError(endpoint, values, method, self)
werkzeug.routing.exceptions.BuildError: Could not build url for endpoint 'main.dashboard'. Did you mean 'admin.dashboard' instead?