[2025-12-12 20:22:07 +0000] [5661] [INFO] Handling signal: winch
ERROR:ui.views:Error in dashboard view: type object 'Appointment' has no attribute 'start_time'
10.81.1.124 - - [12/Dec/2025:20:22:09 +0000] "GET / HTTP/1.1" 200 15190 "-" "Mozilla/5.0 (Macintosh; Intel Mac OS X 10_15_7) AppleWebKit/537.36 (KHTML, like Gecko) Replit/1.0.14 Chrome/124.0.6367.119 Electron/30.0.3 Safari/537.36"
10.81.1.124 - - [12/Dec/2025:20:22:09 +0000] "GET /static/css/custom.css HTTP/1.1" 304 0 "https://55ab1b06-006d-47ec-9b73-b827f4e0f641-00-1fje9legmrd1y.riker.replit.dev/" "Mozilla/5.0 (Macintosh; Intel Mac OS X 10_15_7) AppleWebKit/537.36 (KHTML, like Gecko) Replit/1.0.14 Chrome/124.0.6367.119 Electron/30.0.3 Safari/537.36"
10.81.1.124 - - [12/Dec/2025:20:22:09 +0000] "GET /static/css/medical_styles.css HTTP/1.1" 304 0 "https://55ab1b06-006d-47ec-9b73-b827f4e0f641-00-1fje9legmrd1y.riker.replit.dev/" "Mozilla/5.0 (Macintosh; Intel Mac OS X 10_15_7) AppleWebKit/537.36 (KHTML, like Gecko) Replit/1.0.14 Chrome/124.0.6367.119 Electron/30.0.3 Safari/537.36"
10.81.12.233 - - [12/Dec/2025:20:22:09 +0000] "GET /static/css/loading-states.css HTTP/1.1" 304 0 "https://55ab1b06-006d-47ec-9b73-b827f4e0f641-00-1fje9legmrd1y.riker.replit.dev/" "Mozilla/5.0 (Macintosh; Intel Mac OS X 10_15_7) AppleWebKit/537.36 (KHTML, like Gecko) Replit/1.0.14 Chrome/124.0.6367.119 Electron/30.0.3 Safari/537.36"
10.81.11.238 - - [12/Dec/2025:20:22:09 +0000] "GET /static/css/medical_terminology_ui.css HTTP/1.1" 304 0 "https://55ab1b06-006d-47ec-9b73-b827f4e0f641-00-1fje9legmrd1y.riker.replit.dev/" "Mozilla/5.0 (Macintosh; Intel Mac OS X 10_15_7) AppleWebKit/537.36 (KHTML, like Gecko) Replit/1.0.14 Chrome/124.0.6367.119 Electron/30.0.3 Safari/537.36"
10.81.5.171 - - [12/Dec/2025:20:22:09 +0000] "GET /static/js/medical_terminology.js HTTP/1.1" 304 0 "https://55ab1b06-006d-47ec-9b73-b827f4e0f641-00-1fje9legmrd1y.riker.replit.dev/" "Mozilla/5.0 (Macintosh; Intel Mac OS X 10_15_7) AppleWebKit/537.36 (KHTML, like Gecko) Replit/1.0.14 Chrome/124.0.6367.119 Electron/30.0.3 Safari/537.36"
INFO:services.appointment_prioritization:Initialized AppointmentBasedPrioritization for organization 1
INFO:services.appointment_prioritization:Getting priority patients with appointments between 2025-12-12 and 2025-12-28
INFO:services.appointment_prioritization:Found 0 priority patients with 0 appointments
INFO:routes.screening_routes:Appointment prioritization enabled: 0 priority patients
10.81.5.171 - - [12/Dec/2025:20:22:21 +0000] "GET /screening/list HTTP/1.1" 200 28409 "https://55ab1b06-006d-47ec-9b73-b827f4e0f641-00-1fje9legmrd1y.riker.replit.dev/" "Mozilla/5.0 (Macintosh; Intel Mac OS X 10_15_7) AppleWebKit/537.36 (KHTML, like Gecko) Replit/1.0.14 Chrome/124.0.6367.119 Electron/30.0.3 Safari/537.36"
10.81.1.124 - - [12/Dec/2025:20:22:21 +0000] "GET /static/css/medical_terminology_ui.css HTTP/1.1" 304 0 "https://55ab1b06-006d-47ec-9b73-b827f4e0f641-00-1fje9legmrd1y.riker.replit.dev/screening/list" "Mozilla/5.0 (Macintosh; Intel Mac OS X 10_15_7) AppleWebKit/537.36 (KHTML, like Gecko) Replit/1.0.14 Chrome/124.0.6367.119 Electron/30.0.3 Safari/537.36"
10.81.11.238 - - [12/Dec/2025:20:22:21 +0000] "GET /static/css/custom.css HTTP/1.1" 304 0 "https://55ab1b06-006d-47ec-9b73-b827f4e0f641-00-1fje9legmrd1y.riker.replit.dev/screening/list" "Mozilla/5.0 (Macintosh; Intel Mac OS X 10_15_7) AppleWebKit/537.36 (KHTML, like Gecko) Replit/1.0.14 Chrome/124.0.6367.119 Electron/30.0.3 Safari/537.36"
10.81.12.233 - - [12/Dec/2025:20:22:21 +0000] "GET /static/css/medical_styles.css HTTP/1.1" 304 0 "https://55ab1b06-006d-47ec-9b73-b827f4e0f641-00-1fje9legmrd1y.riker.replit.dev/screening/list" "Mozilla/5.0 (Macintosh; Intel Mac OS X 10_15_7) AppleWebKit/537.36 (KHTML, like Gecko) Replit/1.0.14 Chrome/124.0.6367.119 Electron/30.0.3 Safari/537.36"
10.81.1.124 - - [12/Dec/2025:20:22:21 +0000] "GET /static/css/loading-states.css HTTP/1.1" 304 0 "https://55ab1b06-006d-47ec-9b73-b827f4e0f641-00-1fje9legmrd1y.riker.replit.dev/screening/list" "Mozilla/5.0 (Macintosh; Intel Mac OS X 10_15_7) AppleWebKit/537.36 (KHTML, like Gecko) Replit/1.0.14 Chrome/124.0.6367.119 Electron/30.0.3 Safari/537.36"
10.81.5.171 - - [12/Dec/2025:20:22:21 +0000] "GET /static/js/screening_modals.js HTTP/1.1" 304 0 "https://55ab1b06-006d-47ec-9b73-b827f4e0f641-00-1fje9legmrd1y.riker.replit.dev/screening/list" "Mozilla/5.0 (Macintosh; Intel Mac OS X 10_15_7) AppleWebKit/537.36 (KHTML, like Gecko) Replit/1.0.14 Chrome/124.0.6367.119 Electron/30.0.3 Safari/537.36"
10.81.9.194 - - [12/Dec/2025:20:22:21 +0000] "GET /static/js/medical_terminology.js HTTP/1.1" 304 0 "https://55ab1b06-006d-47ec-9b73-b827f4e0f641-00-1fje9legmrd1y.riker.replit.dev/screening/list" "Mozilla/5.0 (Macintosh; Intel Mac OS X 10_15_7) AppleWebKit/537.36 (KHTML, like Gecko) Replit/1.0.14 Chrome/124.0.6367.119 Electron/30.0.3 Safari/537.36"
10.81.1.124 - - [12/Dec/2025:20:22:21 +0000] "GET /static/js/screening_performance.js HTTP/1.1" 304 0 "https://55ab1b06-006d-47ec-9b73-b827f4e0f641-00-1fje9legmrd1y.riker.replit.dev/screening/list" "Mozilla/5.0 (Macintosh; Intel Mac OS X 10_15_7) AppleWebKit/537.36 (KHTML, like Gecko) Replit/1.0.14 Chrome/124.0.6367.119 Electron/30.0.3 Safari/537.36"
10.81.1.124 - - [12/Dec/2025:20:22:22 +0000] "GET /screening/types HTTP/1.1" 200 64028 "https://55ab1b06-006d-47ec-9b73-b827f4e0f641-00-1fje9legmrd1y.riker.replit.dev/screening/list" "Mozilla/5.0 (Macintosh; Intel Mac OS X 10_15_7) AppleWebKit/537.36 (KHTML, like Gecko) Replit/1.0.14 Chrome/124.0.6367.119 Electron/30.0.3 Safari/537.36"
10.81.9.194 - - [12/Dec/2025:20:22:23 +0000] "GET /static/css/custom.css HTTP/1.1" 304 0 "https://55ab1b06-006d-47ec-9b73-b827f4e0f641-00-1fje9legmrd1y.riker.replit.dev/screening/types" "Mozilla/5.0 (Macintosh; Intel Mac OS X 10_15_7) AppleWebKit/537.36 (KHTML, like Gecko) Replit/1.0.14 Chrome/124.0.6367.119 Electron/30.0.3 Safari/537.36"
10.81.1.124 - - [12/Dec/2025:20:22:23 +0000] "GET /static/css/loading-states.css HTTP/1.1" 304 0 "https://55ab1b06-006d-47ec-9b73-b827f4e0f641-00-1fje9legmrd1y.riker.replit.dev/screening/types" "Mozilla/5.0 (Macintosh; Intel Mac OS X 10_15_7) AppleWebKit/537.36 (KHTML, like Gecko) Replit/1.0.14 Chrome/124.0.6367.119 Electron/30.0.3 Safari/537.36"
10.81.12.233 - - [12/Dec/2025:20:22:23 +0000] "GET /static/css/medical_terminology_ui.css HTTP/1.1" 304 0 "https://55ab1b06-006d-47ec-9b73-b827f4e0f641-00-1fje9legmrd1y.riker.replit.dev/screening/types" "Mozilla/5.0 (Macintosh; Intel Mac OS X 10_15_7) AppleWebKit/537.36 (KHTML, like Gecko) Replit/1.0.14 Chrome/124.0.6367.119 Electron/30.0.3 Safari/537.36"
10.81.5.171 - - [12/Dec/2025:20:22:23 +0000] "GET /static/css/medical_styles.css HTTP/1.1" 304 0 "https://55ab1b06-006d-47ec-9b73-b827f4e0f641-00-1fje9legmrd1y.riker.replit.dev/screening/types" "Mozilla/5.0 (Macintosh; Intel Mac OS X 10_15_7) AppleWebKit/537.36 (KHTML, like Gecko) Replit/1.0.14 Chrome/124.0.6367.119 Electron/30.0.3 Safari/537.36"
10.81.1.124 - - [12/Dec/2025:20:22:23 +0000] "GET /static/js/medical_terminology.js HTTP/1.1" 304 0 "https://55ab1b06-006d-47ec-9b73-b827f4e0f641-00-1fje9legmrd1y.riker.replit.dev/screening/types" "Mozilla/5.0 (Macintosh; Intel Mac OS X 10_15_7) AppleWebKit/537.36 (KHTML, like Gecko) Replit/1.0.14 Chrome/124.0.6367.119 Electron/30.0.3 Safari/537.36"
10.81.12.233 - - [12/Dec/2025:20:22:23 +0000] "GET /static/js/condition_modals.js HTTP/1.1" 304 0 "https://55ab1b06-006d-47ec-9b73-b827f4e0f641-00-1fje9legmrd1y.riker.replit.dev/screening/types" "Mozilla/5.0 (Macintosh; Intel Mac OS X 10_15_7) AppleWebKit/537.36 (KHTML, like Gecko) Replit/1.0.14 Chrome/124.0.6367.119 Electron/30.0.3 Safari/537.36"
10.81.1.124 - - [12/Dec/2025:20:22:23 +0000] "GET /static/js/screening_modals.js HTTP/1.1" 304 0 "https://55ab1b06-006d-47ec-9b73-b827f4e0f641-00-1fje9legmrd1y.riker.replit.dev/screening/types" "Mozilla/5.0 (Macintosh; Intel Mac OS X 10_15_7) AppleWebKit/537.36 (KHTML, like Gecko) Replit/1.0.14 Chrome/124.0.6367.119 Electron/30.0.3 Safari/537.36"
10.81.5.171 - - [12/Dec/2025:20:22:23 +0000] "GET /static/css/keyword_modal.css HTTP/1.1" 304 0 "https://55ab1b06-006d-47ec-9b73-b827f4e0f641-00-1fje9legmrd1y.riker.replit.dev/screening/types" "Mozilla/5.0 (Macintosh; Intel Mac OS X 10_15_7) AppleWebKit/537.36 (KHTML, like Gecko) Replit/1.0.14 Chrome/124.0.6367.119 Electron/30.0.3 Safari/537.36"
ERROR:routes.screening_routes:Error in screening settings: (psycopg2.errors.UndefinedColumn) column prep_sheet_settings.consults_keywords does not exist
LINE 1: ...ngs.updated_at AS prep_sheet_settings_updated_at, prep_sheet...
                                                             ^

[SQL: SELECT prep_sheet_settings.id AS prep_sheet_settings_id, prep_sheet_settings.org_id AS prep_sheet_settings_org_id, prep_sheet_settings.labs_cutoff_months AS prep_sheet_settings_labs_cutoff_months, prep_sheet_settings.imaging_cutoff_months AS prep_sheet_settings_imaging_cutoff_months, prep_sheet_settings.consults_cutoff_months AS prep_sheet_settings_consults_cutoff_months, prep_sheet_settings.hospital_cutoff_months AS prep_sheet_settings_hospital_cutoff_months, prep_sheet_settings.updated_at AS prep_sheet_settings_updated_at, prep_sheet_settings.consults_keywords AS prep_sheet_settings_consults_keywords, prep_sheet_settings.hospital_keywords AS prep_sheet_settings_hospital_keywords 
FROM prep_sheet_settings 
 LIMIT %(param_1)s]
[parameters: {'param_1': 1}]
(Background on this error at: https://sqlalche.me/e/20/f405)
ERROR:app:Exception on /screening/settings [GET]
Traceback (most recent call last):
  File "/home/runner/workspace/.pythonlibs/lib/python3.11/site-packages/sqlalchemy/engine/base.py", line 1961, in _exec_single_context
    self.dialect.do_execute(
  File "/home/runner/workspace/.pythonlibs/lib/python3.11/site-packages/sqlalchemy/engine/default.py", line 944, in do_execute
    cursor.execute(statement, parameters)
psycopg2.errors.UndefinedColumn: column prep_sheet_settings.consults_keywords does not exist
LINE 1: ...ngs.updated_at AS prep_sheet_settings_updated_at, prep_sheet...
                                                             ^


The above exception was the direct cause of the following exception:

Traceback (most recent call last):
  File "/home/runner/workspace/routes/screening_routes.py", line 299, in screening_settings
    settings = PrepSheetSettings.query.first()
               ^^^^^^^^^^^^^^^^^^^^^^^^^^^^^^^
  File "/home/runner/workspace/.pythonlibs/lib/python3.11/site-packages/sqlalchemy/orm/query.py", line 2759, in first
    return self.limit(1)._iter().first()  # type: ignore
           ^^^^^^^^^^^^^^^^^^^^^
  File "/home/runner/workspace/.pythonlibs/lib/python3.11/site-packages/sqlalchemy/orm/query.py", line 2857, in _iter
    result: Union[ScalarResult[_T], Result[_T]] = self.session.execute(
                                                  ^^^^^^^^^^^^^^^^^^^^^
  File "/home/runner/workspace/.pythonlibs/lib/python3.11/site-packages/sqlalchemy/orm/session.py", line 2365, in execute
    return self._execute_internal(
           ^^^^^^^^^^^^^^^^^^^^^^^
  File "/home/runner/workspace/.pythonlibs/lib/python3.11/site-packages/sqlalchemy/orm/session.py", line 2251, in _execute_internal
    result: Result[Any] = compile_state_cls.orm_execute_statement(
                          ^^^^^^^^^^^^^^^^^^^^^^^^^^^^^^^^^^^^^^^^
  File "/home/runner/workspace/.pythonlibs/lib/python3.11/site-packages/sqlalchemy/orm/context.py", line 306, in orm_execute_statement
    result = conn.execute(
             ^^^^^^^^^^^^^
  File "/home/runner/workspace/.pythonlibs/lib/python3.11/site-packages/sqlalchemy/engine/base.py", line 1413, in execute
    return meth(
           ^^^^^
  File "/home/runner/workspace/.pythonlibs/lib/python3.11/site-packages/sqlalchemy/sql/elements.py", line 526, in _execute_on_connection
    return connection._execute_clauseelement(
           ^^^^^^^^^^^^^^^^^^^^^^^^^^^^^^^^^^
  File "/home/runner/workspace/.pythonlibs/lib/python3.11/site-packages/sqlalchemy/engine/base.py", line 1635, in _execute_clauseelement
    ret = self._execute_context(
          ^^^^^^^^^^^^^^^^^^^^^^
  File "/home/runner/workspace/.pythonlibs/lib/python3.11/site-packages/sqlalchemy/engine/base.py", line 1840, in _execute_context
    return self._exec_single_context(
           ^^^^^^^^^^^^^^^^^^^^^^^^^^
  File "/home/runner/workspace/.pythonlibs/lib/python3.11/site-packages/sqlalchemy/engine/base.py", line 1980, in _exec_single_context
    self._handle_dbapi_exception(
  File "/home/runner/workspace/.pythonlibs/lib/python3.11/site-packages/sqlalchemy/engine/base.py", line 2349, in _handle_dbapi_exception
    raise sqlalchemy_exception.with_traceback(exc_info[2]) from e
  File "/home/runner/workspace/.pythonlibs/lib/python3.11/site-packages/sqlalchemy/engine/base.py", line 1961, in _exec_single_context
    self.dialect.do_execute(
  File "/home/runner/workspace/.pythonlibs/lib/python3.11/site-packages/sqlalchemy/engine/default.py", line 944, in do_execute
    cursor.execute(statement, parameters)
sqlalchemy.exc.ProgrammingError: (psycopg2.errors.UndefinedColumn) column prep_sheet_settings.consults_keywords does not exist
LINE 1: ...ngs.updated_at AS prep_sheet_settings_updated_at, prep_sheet...
                                                             ^

[SQL: SELECT prep_sheet_settings.id AS prep_sheet_settings_id, prep_sheet_settings.org_id AS prep_sheet_settings_org_id, prep_sheet_settings.labs_cutoff_months AS prep_sheet_settings_labs_cutoff_months, prep_sheet_settings.imaging_cutoff_months AS prep_sheet_settings_imaging_cutoff_months, prep_sheet_settings.consults_cutoff_months AS prep_sheet_settings_consults_cutoff_months, prep_sheet_settings.hospital_cutoff_months AS prep_sheet_settings_hospital_cutoff_months, prep_sheet_settings.updated_at AS prep_sheet_settings_updated_at, prep_sheet_settings.consults_keywords AS prep_sheet_settings_consults_keywords, prep_sheet_settings.hospital_keywords AS prep_sheet_settings_hospital_keywords 
FROM prep_sheet_settings 
 LIMIT %(param_1)s]
[parameters: {'param_1': 1}]
(Background on this error at: https://sqlalche.me/e/20/f405)

During handling of the above exception, another exception occurred:

Traceback (most recent call last):
  File "/home/runner/workspace/.pythonlibs/lib/python3.11/site-packages/sqlalchemy/engine/base.py", line 1961, in _exec_single_context
    self.dialect.do_execute(
  File "/home/runner/workspace/.pythonlibs/lib/python3.11/site-packages/sqlalchemy/engine/default.py", line 944, in do_execute
    cursor.execute(statement, parameters)
psycopg2.errors.InFailedSqlTransaction: current transaction is aborted, commands ignored until end of transaction block


The above exception was the direct cause of the following exception:

Traceback (most recent call last):
  File "/home/runner/workspace/.pythonlibs/lib/python3.11/site-packages/flask/app.py", line 1511, in wsgi_app
    response = self.full_dispatch_request()
               ^^^^^^^^^^^^^^^^^^^^^^^^^^^^
  File "/home/runner/workspace/.pythonlibs/lib/python3.11/site-packages/flask/app.py", line 919, in full_dispatch_request
    rv = self.handle_user_exception(e)
         ^^^^^^^^^^^^^^^^^^^^^^^^^^^^^
  File "/home/runner/workspace/.pythonlibs/lib/python3.11/site-packages/flask_cors/extension.py", line 176, in wrapped_function
    return cors_after_request(app.make_response(f(*args, **kwargs)))
                                                ^^^^^^^^^^^^^^^^^^
  File "/home/runner/workspace/.pythonlibs/lib/python3.11/site-packages/flask/app.py", line 917, in full_dispatch_request
    rv = self.dispatch_request()
         ^^^^^^^^^^^^^^^^^^^^^^^
  File "/home/runner/workspace/.pythonlibs/lib/python3.11/site-packages/flask/app.py", line 902, in dispatch_request
    return self.ensure_sync(self.view_functions[rule.endpoint])(**view_args)  # type: ignore[no-any-return]
           ^^^^^^^^^^^^^^^^^^^^^^^^^^^^^^^^^^^^^^^^^^^^^^^^^^^^^^^^^^^^^^^^^
  File "/home/runner/workspace/.pythonlibs/lib/python3.11/site-packages/flask_login/utils.py", line 290, in decorated_view
    return current_app.ensure_sync(func)(*args, **kwargs)
           ^^^^^^^^^^^^^^^^^^^^^^^^^^^^^^^^^^^^^^^^^^^^^^
  File "/home/runner/workspace/routes/auth_routes.py", line 442, in decorated_function
    return f(*args, **kwargs)
           ^^^^^^^^^^^^^^^^^^
  File "/home/runner/workspace/routes/screening_routes.py", line 328, in screening_settings
    return render_template('error/500.html'), 500
           ^^^^^^^^^^^^^^^^^^^^^^^^^^^^^^^^^
  File "/home/runner/workspace/.pythonlibs/lib/python3.11/site-packages/flask/templating.py", line 150, in render_template
    return _render(app, template, context)
           ^^^^^^^^^^^^^^^^^^^^^^^^^^^^^^^
  File "/home/runner/workspace/.pythonlibs/lib/python3.11/site-packages/flask/templating.py", line 127, in _render
    app.update_template_context(context)
  File "/home/runner/workspace/.pythonlibs/lib/python3.11/site-packages/flask/app.py", line 530, in update_template_context
    context.update(self.ensure_sync(func)())
                   ^^^^^^^^^^^^^^^^^^^^^^^^
  File "/home/runner/workspace/app.py", line 374, in inject_subscription_status
    return get_subscription_context()
           ^^^^^^^^^^^^^^^^^^^^^^^^^^
  File "/home/runner/workspace/middleware/subscription_check.py", line 178, in get_subscription_context
    org = current_user.organization
          ^^^^^^^^^^^^^^^^^^^^^^^^^
  File "/home/runner/workspace/.pythonlibs/lib/python3.11/site-packages/sqlalchemy/orm/attributes.py", line 569, in __get__
    return self.impl.get(state, dict_)  # type: ignore[no-any-return]
           ^^^^^^^^^^^^^^^^^^^^^^^^^^^
  File "/home/runner/workspace/.pythonlibs/lib/python3.11/site-packages/sqlalchemy/orm/attributes.py", line 1096, in get
    value = self._fire_loader_callables(state, key, passive)
            ^^^^^^^^^^^^^^^^^^^^^^^^^^^^^^^^^^^^^^^^^^^^^^^^
  File "/home/runner/workspace/.pythonlibs/lib/python3.11/site-packages/sqlalchemy/orm/attributes.py", line 1131, in _fire_loader_callables
    return self.callable_(state, passive)
           ^^^^^^^^^^^^^^^^^^^^^^^^^^^^^^
  File "/home/runner/workspace/.pythonlibs/lib/python3.11/site-packages/sqlalchemy/orm/strategies.py", line 978, in _load_for_state
    return self._emit_lazyload(
           ^^^^^^^^^^^^^^^^^^^^
  File "/home/runner/workspace/.pythonlibs/lib/python3.11/site-packages/sqlalchemy/orm/strategies.py", line 1079, in _emit_lazyload
    return loading.load_on_pk_identity(
           ^^^^^^^^^^^^^^^^^^^^^^^^^^^^
  File "/home/runner/workspace/.pythonlibs/lib/python3.11/site-packages/sqlalchemy/orm/loading.py", line 694, in load_on_pk_identity
    session.execute(
  File "/home/runner/workspace/.pythonlibs/lib/python3.11/site-packages/sqlalchemy/orm/session.py", line 2365, in execute
    return self._execute_internal(
           ^^^^^^^^^^^^^^^^^^^^^^^
  File "/home/runner/workspace/.pythonlibs/lib/python3.11/site-packages/sqlalchemy/orm/session.py", line 2251, in _execute_internal
    result: Result[Any] = compile_state_cls.orm_execute_statement(
                          ^^^^^^^^^^^^^^^^^^^^^^^^^^^^^^^^^^^^^^^^
  File "/home/runner/workspace/.pythonlibs/lib/python3.11/site-packages/sqlalchemy/orm/context.py", line 306, in orm_execute_statement
    result = conn.execute(
             ^^^^^^^^^^^^^
  File "/home/runner/workspace/.pythonlibs/lib/python3.11/site-packages/sqlalchemy/engine/base.py", line 1413, in execute
    return meth(
           ^^^^^
  File "/home/runner/workspace/.pythonlibs/lib/python3.11/site-packages/sqlalchemy/sql/elements.py", line 526, in _execute_on_connection
    return connection._execute_clauseelement(
           ^^^^^^^^^^^^^^^^^^^^^^^^^^^^^^^^^^
  File "/home/runner/workspace/.pythonlibs/lib/python3.11/site-packages/sqlalchemy/engine/base.py", line 1635, in _execute_clauseelement
    ret = self._execute_context(
          ^^^^^^^^^^^^^^^^^^^^^^
  File "/home/runner/workspace/.pythonlibs/lib/python3.11/site-packages/sqlalchemy/engine/base.py", line 1840, in _execute_context
    return self._exec_single_context(
           ^^^^^^^^^^^^^^^^^^^^^^^^^^
  File "/home/runner/workspace/.pythonlibs/lib/python3.11/site-packages/sqlalchemy/engine/base.py", line 1980, in _exec_single_context
    self._handle_dbapi_exception(
  File "/home/runner/workspace/.pythonlibs/lib/python3.11/site-packages/sqlalchemy/engine/base.py", line 2349, in _handle_dbapi_exception
    raise sqlalchemy_exception.with_traceback(exc_info[2]) from e
  File "/home/runner/workspace/.pythonlibs/lib/python3.11/site-packages/sqlalchemy/engine/base.py", line 1961, in _exec_single_context
    self.dialect.do_execute(
  File "/home/runner/workspace/.pythonlibs/lib/python3.11/site-packages/sqlalchemy/engine/default.py", line 944, in do_execute
    cursor.execute(statement, parameters)
sqlalchemy.exc.InternalError: (psycopg2.errors.InFailedSqlTransaction) current transaction is aborted, commands ignored until end of transaction block

[SQL: SELECT organizations.id AS organizations_id, organizations.name AS organizations_name, organizations.display_name AS organizations_display_name, organizations.address AS organizations_address, organizations.contact_email AS organizations_contact_email, organizations.phone AS organizations_phone, organizations.epic_client_id AS organizations_epic_client_id, organizations.epic_client_secret AS organizations_epic_client_secret, organizations.epic_fhir_url AS organizations_epic_fhir_url, organizations.epic_environment AS organizations_epic_environment, organizations.epic_production_base_url AS organizations_epic_production_base_url, organizations.epic_endpoint_id AS organizations_epic_endpoint_id, organizations.epic_organization_id AS organizations_epic_organization_id, organizations.epic_oauth_url AS organizations_epic_oauth_url, organizations.epic_token_url AS organizations_epic_token_url, organizations.fhir_rate_limit_per_hour AS organizations_fhir_rate_limit_per_hour, organizations.max_batch_size AS organizations_max_batch_size, organizations.async_processing_enabled AS organizations_async_processing_enabled, organizations.audit_retention_days AS organizations_audit_retention_days, organizations.phi_logging_level AS organizations_phi_logging_level, organizations.is_epic_connected AS organizations_is_epic_connected, organizations.last_epic_sync AS organizations_last_epic_sync, organizations.last_epic_error AS organizations_last_epic_error, organizations.epic_token_expiry AS organizations_epic_token_expiry, organizations.connection_retry_count AS organizations_connection_retry_count, organizations.next_token_check AS organizations_next_token_check, organizations.epic_app_name AS organizations_epic_app_name, organizations.epic_app_description AS organizations_epic_app_description, organizations.epic_registration_status AS organizations_epic_registration_status, organizations.epic_registration_date AS organizations_epic_registration_date, organizations.setup_status AS organizations_setup_status, organizations.custom_presets_enabled AS organizations_custom_presets_enabled, organizations.auto_sync_enabled AS organizations_auto_sync_enabled, organizations.max_users AS organizations_max_users, organizations.appointment_based_prioritization AS organizations_appointment_based_prioritization, organizations.prioritization_window_days AS organizations_prioritization_window_days, organizations.process_non_scheduled_patients AS organizations_process_non_scheduled_patients, organizations.last_appointment_sync AS organizations_last_appointment_sync, organizations.site AS organizations_site, organizations.specialty AS organizations_specialty, organizations.stripe_customer_id AS organizations_stripe_customer_id, organizations.stripe_subscription_id AS organizations_stripe_subscription_id, organizations.subscription_status AS organizations_subscription_status, organizations.trial_start_date AS organizations_trial_start_date, organizations.billing_email AS organizations_billing_email, organizations.owner_email AS organizations_owner_email, organizations.creation_method AS organizations_creation_method, organizations.onboarding_status AS organizations_onboarding_status, organizations.signup_completion_token AS organizations_signup_completion_token, organizations.signup_completion_token_expires AS organizations_signup_completion_token_expires, organizations.approved_at AS organizations_approved_at, organizations.approved_by AS organizations_approved_by, organizations.created_at AS organizations_created_at, organizations.updated_at AS organizations_updated_at, organizations.trial_expires AS organizations_trial_expires 
FROM organizations 
WHERE organizations.id = %(pk_1)s]
[parameters: {'pk_1': 1}]
(Background on this error at: https://sqlalche.me/e/20/2j85)
10.81.5.171 - - [12/Dec/2025:20:22:24 +0000] "GET /screening/settings HTTP/1.1" 500 12324 "https://55ab1b06-006d-47ec-9b73-b827f4e0f641-00-1fje9legmrd1y.riker.replit.dev/screening/types" "Mozilla/5.0 (Macintosh; Intel Mac OS X 10_15_7) AppleWebKit/537.36 (KHTML, like Gecko) Replit/1.0.14 Chrome/124.0.6367.119 Electron/30.0.3 Safari/537.36"
INFO:flask_wtf.csrf:The CSRF token is missing.
10.81.5.171 - - [12/Dec/2025:20:22:24 +0000] "POST /admin/log-error HTTP/1.1" 400 6305 "https://55ab1b06-006d-47ec-9b73-b827f4e0f641-00-1fje9legmrd1y.riker.replit.dev/screening/settings" "Mozilla/5.0 (Macintosh; Intel Mac OS X 10_15_7) AppleWebKit/537.36 (KHTML, like Gecko) Replit/1.0.14 Chrome/124.0.6367.119 Electron/30.0.3 Safari/537.36"
ERROR:routes.screening_routes:Error in screening settings: (psycopg2.errors.UndefinedColumn) column prep_sheet_settings.consults_keywords does not exist
LINE 1: ...ngs.updated_at AS prep_sheet_settings_updated_at, prep_sheet...
                                                             ^

[SQL: SELECT prep_sheet_settings.id AS prep_sheet_settings_id, prep_sheet_settings.org_id AS prep_sheet_settings_org_id, prep_sheet_settings.labs_cutoff_months AS prep_sheet_settings_labs_cutoff_months, prep_sheet_settings.imaging_cutoff_months AS prep_sheet_settings_imaging_cutoff_months, prep_sheet_settings.consults_cutoff_months AS prep_sheet_settings_consults_cutoff_months, prep_sheet_settings.hospital_cutoff_months AS prep_sheet_settings_hospital_cutoff_months, prep_sheet_settings.updated_at AS prep_sheet_settings_updated_at, prep_sheet_settings.consults_keywords AS prep_sheet_settings_consults_keywords, prep_sheet_settings.hospital_keywords AS prep_sheet_settings_hospital_keywords 
FROM prep_sheet_settings 
 LIMIT %(param_1)s]
[parameters: {'param_1': 1}]
(Background on this error at: https://sqlalche.me/e/20/f405)
ERROR:app:Exception on /screening/settings [GET]
Traceback (most recent call last):
  File "/home/runner/workspace/.pythonlibs/lib/python3.11/site-packages/sqlalchemy/engine/base.py", line 1961, in _exec_single_context
    self.dialect.do_execute(
  File "/home/runner/workspace/.pythonlibs/lib/python3.11/site-packages/sqlalchemy/engine/default.py", line 944, in do_execute
    cursor.execute(statement, parameters)
psycopg2.errors.UndefinedColumn: column prep_sheet_settings.consults_keywords does not exist
LINE 1: ...ngs.updated_at AS prep_sheet_settings_updated_at, prep_sheet...
                                                             ^


The above exception was the direct cause of the following exception:

Traceback (most recent call last):
  File "/home/runner/workspace/routes/screening_routes.py", line 299, in screening_settings
    settings = PrepSheetSettings.query.first()
               ^^^^^^^^^^^^^^^^^^^^^^^^^^^^^^^
  File "/home/runner/workspace/.pythonlibs/lib/python3.11/site-packages/sqlalchemy/orm/query.py", line 2759, in first
    return self.limit(1)._iter().first()  # type: ignore
           ^^^^^^^^^^^^^^^^^^^^^
  File "/home/runner/workspace/.pythonlibs/lib/python3.11/site-packages/sqlalchemy/orm/query.py", line 2857, in _iter
    result: Union[ScalarResult[_T], Result[_T]] = self.session.execute(
                                                  ^^^^^^^^^^^^^^^^^^^^^
  File "/home/runner/workspace/.pythonlibs/lib/python3.11/site-packages/sqlalchemy/orm/session.py", line 2365, in execute
    return self._execute_internal(
           ^^^^^^^^^^^^^^^^^^^^^^^
  File "/home/runner/workspace/.pythonlibs/lib/python3.11/site-packages/sqlalchemy/orm/session.py", line 2251, in _execute_internal
    result: Result[Any] = compile_state_cls.orm_execute_statement(
                          ^^^^^^^^^^^^^^^^^^^^^^^^^^^^^^^^^^^^^^^^
  File "/home/runner/workspace/.pythonlibs/lib/python3.11/site-packages/sqlalchemy/orm/context.py", line 306, in orm_execute_statement
    result = conn.execute(
             ^^^^^^^^^^^^^
  File "/home/runner/workspace/.pythonlibs/lib/python3.11/site-packages/sqlalchemy/engine/base.py", line 1413, in execute
    return meth(
           ^^^^^
  File "/home/runner/workspace/.pythonlibs/lib/python3.11/site-packages/sqlalchemy/sql/elements.py", line 526, in _execute_on_connection
    return connection._execute_clauseelement(
           ^^^^^^^^^^^^^^^^^^^^^^^^^^^^^^^^^^
  File "/home/runner/workspace/.pythonlibs/lib/python3.11/site-packages/sqlalchemy/engine/base.py", line 1635, in _execute_clauseelement
    ret = self._execute_context(
          ^^^^^^^^^^^^^^^^^^^^^^
  File "/home/runner/workspace/.pythonlibs/lib/python3.11/site-packages/sqlalchemy/engine/base.py", line 1840, in _execute_context
    return self._exec_single_context(
           ^^^^^^^^^^^^^^^^^^^^^^^^^^
  File "/home/runner/workspace/.pythonlibs/lib/python3.11/site-packages/sqlalchemy/engine/base.py", line 1980, in _exec_single_context
    self._handle_dbapi_exception(
  File "/home/runner/workspace/.pythonlibs/lib/python3.11/site-packages/sqlalchemy/engine/base.py", line 2349, in _handle_dbapi_exception
    raise sqlalchemy_exception.with_traceback(exc_info[2]) from e
  File "/home/runner/workspace/.pythonlibs/lib/python3.11/site-packages/sqlalchemy/engine/base.py", line 1961, in _exec_single_context
    self.dialect.do_execute(
  File "/home/runner/workspace/.pythonlibs/lib/python3.11/site-packages/sqlalchemy/engine/default.py", line 944, in do_execute
    cursor.execute(statement, parameters)
sqlalchemy.exc.ProgrammingError: (psycopg2.errors.UndefinedColumn) column prep_sheet_settings.consults_keywords does not exist
LINE 1: ...ngs.updated_at AS prep_sheet_settings_updated_at, prep_sheet...
                                                             ^

[SQL: SELECT prep_sheet_settings.id AS prep_sheet_settings_id, prep_sheet_settings.org_id AS prep_sheet_settings_org_id, prep_sheet_settings.labs_cutoff_months AS prep_sheet_settings_labs_cutoff_months, prep_sheet_settings.imaging_cutoff_months AS prep_sheet_settings_imaging_cutoff_months, prep_sheet_settings.consults_cutoff_months AS prep_sheet_settings_consults_cutoff_months, prep_sheet_settings.hospital_cutoff_months AS prep_sheet_settings_hospital_cutoff_months, prep_sheet_settings.updated_at AS prep_sheet_settings_updated_at, prep_sheet_settings.consults_keywords AS prep_sheet_settings_consults_keywords, prep_sheet_settings.hospital_keywords AS prep_sheet_settings_hospital_keywords 
FROM prep_sheet_settings 
 LIMIT %(param_1)s]
[parameters: {'param_1': 1}]
(Background on this error at: https://sqlalche.me/e/20/f405)

During handling of the above exception, another exception occurred:

Traceback (most recent call last):
  File "/home/runner/workspace/.pythonlibs/lib/python3.11/site-packages/sqlalchemy/engine/base.py", line 1961, in _exec_single_context
    self.dialect.do_execute(
  File "/home/runner/workspace/.pythonlibs/lib/python3.11/site-packages/sqlalchemy/engine/default.py", line 944, in do_execute
    cursor.execute(statement, parameters)
psycopg2.errors.InFailedSqlTransaction: current transaction is aborted, commands ignored until end of transaction block


The above exception was the direct cause of the following exception:

Traceback (most recent call last):
  File "/home/runner/workspace/.pythonlibs/lib/python3.11/site-packages/flask/app.py", line 1511, in wsgi_app
    response = self.full_dispatch_request()
               ^^^^^^^^^^^^^^^^^^^^^^^^^^^^
  File "/home/runner/workspace/.pythonlibs/lib/python3.11/site-packages/flask/app.py", line 919, in full_dispatch_request
    rv = self.handle_user_exception(e)
         ^^^^^^^^^^^^^^^^^^^^^^^^^^^^^
  File "/home/runner/workspace/.pythonlibs/lib/python3.11/site-packages/flask_cors/extension.py", line 176, in wrapped_function
    return cors_after_request(app.make_response(f(*args, **kwargs)))
                                                ^^^^^^^^^^^^^^^^^^
  File "/home/runner/workspace/.pythonlibs/lib/python3.11/site-packages/flask/app.py", line 917, in full_dispatch_request
    rv = self.dispatch_request()
         ^^^^^^^^^^^^^^^^^^^^^^^
  File "/home/runner/workspace/.pythonlibs/lib/python3.11/site-packages/flask/app.py", line 902, in dispatch_request
    return self.ensure_sync(self.view_functions[rule.endpoint])(**view_args)  # type: ignore[no-any-return]
           ^^^^^^^^^^^^^^^^^^^^^^^^^^^^^^^^^^^^^^^^^^^^^^^^^^^^^^^^^^^^^^^^^
  File "/home/runner/workspace/.pythonlibs/lib/python3.11/site-packages/flask_login/utils.py", line 290, in decorated_view
    return current_app.ensure_sync(func)(*args, **kwargs)
           ^^^^^^^^^^^^^^^^^^^^^^^^^^^^^^^^^^^^^^^^^^^^^^
  File "/home/runner/workspace/routes/auth_routes.py", line 442, in decorated_function
    return f(*args, **kwargs)
           ^^^^^^^^^^^^^^^^^^
  File "/home/runner/workspace/routes/screening_routes.py", line 328, in screening_settings
    return render_template('error/500.html'), 500
           ^^^^^^^^^^^^^^^^^^^^^^^^^^^^^^^^^
  File "/home/runner/workspace/.pythonlibs/lib/python3.11/site-packages/flask/templating.py", line 150, in render_template
    return _render(app, template, context)
           ^^^^^^^^^^^^^^^^^^^^^^^^^^^^^^^
  File "/home/runner/workspace/.pythonlibs/lib/python3.11/site-packages/flask/templating.py", line 127, in _render
    app.update_template_context(context)
  File "/home/runner/workspace/.pythonlibs/lib/python3.11/site-packages/flask/app.py", line 530, in update_template_context
    context.update(self.ensure_sync(func)())
                   ^^^^^^^^^^^^^^^^^^^^^^^^
  File "/home/runner/workspace/app.py", line 374, in inject_subscription_status
    return get_subscription_context()
           ^^^^^^^^^^^^^^^^^^^^^^^^^^
  File "/home/runner/workspace/middleware/subscription_check.py", line 178, in get_subscription_context
    org = current_user.organization
          ^^^^^^^^^^^^^^^^^^^^^^^^^
  File "/home/runner/workspace/.pythonlibs/lib/python3.11/site-packages/sqlalchemy/orm/attributes.py", line 569, in __get__
    return self.impl.get(state, dict_)  # type: ignore[no-any-return]
           ^^^^^^^^^^^^^^^^^^^^^^^^^^^
  File "/home/runner/workspace/.pythonlibs/lib/python3.11/site-packages/sqlalchemy/orm/attributes.py", line 1096, in get
    value = self._fire_loader_callables(state, key, passive)
            ^^^^^^^^^^^^^^^^^^^^^^^^^^^^^^^^^^^^^^^^^^^^^^^^
  File "/home/runner/workspace/.pythonlibs/lib/python3.11/site-packages/sqlalchemy/orm/attributes.py", line 1131, in _fire_loader_callables
    return self.callable_(state, passive)
           ^^^^^^^^^^^^^^^^^^^^^^^^^^^^^^
  File "/home/runner/workspace/.pythonlibs/lib/python3.11/site-packages/sqlalchemy/orm/strategies.py", line 978, in _load_for_state
    return self._emit_lazyload(
           ^^^^^^^^^^^^^^^^^^^^
  File "/home/runner/workspace/.pythonlibs/lib/python3.11/site-packages/sqlalchemy/orm/strategies.py", line 1079, in _emit_lazyload
    return loading.load_on_pk_identity(
           ^^^^^^^^^^^^^^^^^^^^^^^^^^^^
  File "/home/runner/workspace/.pythonlibs/lib/python3.11/site-packages/sqlalchemy/orm/loading.py", line 694, in load_on_pk_identity
    session.execute(
  File "/home/runner/workspace/.pythonlibs/lib/python3.11/site-packages/sqlalchemy/orm/session.py", line 2365, in execute
    return self._execute_internal(
           ^^^^^^^^^^^^^^^^^^^^^^^
  File "/home/runner/workspace/.pythonlibs/lib/python3.11/site-packages/sqlalchemy/orm/session.py", line 2251, in _execute_internal
    result: Result[Any] = compile_state_cls.orm_execute_statement(
                          ^^^^^^^^^^^^^^^^^^^^^^^^^^^^^^^^^^^^^^^^
  File "/home/runner/workspace/.pythonlibs/lib/python3.11/site-packages/sqlalchemy/orm/context.py", line 306, in orm_execute_statement
    result = conn.execute(
             ^^^^^^^^^^^^^
  File "/home/runner/workspace/.pythonlibs/lib/python3.11/site-packages/sqlalchemy/engine/base.py", line 1413, in execute
    return meth(
           ^^^^^
  File "/home/runner/workspace/.pythonlibs/lib/python3.11/site-packages/sqlalchemy/sql/elements.py", line 526, in _execute_on_connection
    return connection._execute_clauseelement(
           ^^^^^^^^^^^^^^^^^^^^^^^^^^^^^^^^^^
  File "/home/runner/workspace/.pythonlibs/lib/python3.11/site-packages/sqlalchemy/engine/base.py", line 1635, in _execute_clauseelement
    ret = self._execute_context(
          ^^^^^^^^^^^^^^^^^^^^^^
  File "/home/runner/workspace/.pythonlibs/lib/python3.11/site-packages/sqlalchemy/engine/base.py", line 1840, in _execute_context
    return self._exec_single_context(
           ^^^^^^^^^^^^^^^^^^^^^^^^^^
  File "/home/runner/workspace/.pythonlibs/lib/python3.11/site-packages/sqlalchemy/engine/base.py", line 1980, in _exec_single_context
    self._handle_dbapi_exception(
  File "/home/runner/workspace/.pythonlibs/lib/python3.11/site-packages/sqlalchemy/engine/base.py", line 2349, in _handle_dbapi_exception
    raise sqlalchemy_exception.with_traceback(exc_info[2]) from e
  File "/home/runner/workspace/.pythonlibs/lib/python3.11/site-packages/sqlalchemy/engine/base.py", line 1961, in _exec_single_context
    self.dialect.do_execute(
  File "/home/runner/workspace/.pythonlibs/lib/python3.11/site-packages/sqlalchemy/engine/default.py", line 944, in do_execute
    cursor.execute(statement, parameters)
sqlalchemy.exc.InternalError: (psycopg2.errors.InFailedSqlTransaction) current transaction is aborted, commands ignored until end of transaction block

[SQL: SELECT organizations.id AS organizations_id, organizations.name AS organizations_name, organizations.display_name AS organizations_display_name, organizations.address AS organizations_address, organizations.contact_email AS organizations_contact_email, organizations.phone AS organizations_phone, organizations.epic_client_id AS organizations_epic_client_id, organizations.epic_client_secret AS organizations_epic_client_secret, organizations.epic_fhir_url AS organizations_epic_fhir_url, organizations.epic_environment AS organizations_epic_environment, organizations.epic_production_base_url AS organizations_epic_production_base_url, organizations.epic_endpoint_id AS organizations_epic_endpoint_id, organizations.epic_organization_id AS organizations_epic_organization_id, organizations.epic_oauth_url AS organizations_epic_oauth_url, organizations.epic_token_url AS organizations_epic_token_url, organizations.fhir_rate_limit_per_hour AS organizations_fhir_rate_limit_per_hour, organizations.max_batch_size AS organizations_max_batch_size, organizations.async_processing_enabled AS organizations_async_processing_enabled, organizations.audit_retention_days AS organizations_audit_retention_days, organizations.phi_logging_level AS organizations_phi_logging_level, organizations.is_epic_connected AS organizations_is_epic_connected, organizations.last_epic_sync AS organizations_last_epic_sync, organizations.last_epic_error AS organizations_last_epic_error, organizations.epic_token_expiry AS organizations_epic_token_expiry, organizations.connection_retry_count AS organizations_connection_retry_count, organizations.next_token_check AS organizations_next_token_check, organizations.epic_app_name AS organizations_epic_app_name, organizations.epic_app_description AS organizations_epic_app_description, organizations.epic_registration_status AS organizations_epic_registration_status, organizations.epic_registration_date AS organizations_epic_registration_date, organizations.setup_status AS organizations_setup_status, organizations.custom_presets_enabled AS organizations_custom_presets_enabled, organizations.auto_sync_enabled AS organizations_auto_sync_enabled, organizations.max_users AS organizations_max_users, organizations.appointment_based_prioritization AS organizations_appointment_based_prioritization, organizations.prioritization_window_days AS organizations_prioritization_window_days, organizations.process_non_scheduled_patients AS organizations_process_non_scheduled_patients, organizations.last_appointment_sync AS organizations_last_appointment_sync, organizations.site AS organizations_site, organizations.specialty AS organizations_specialty, organizations.stripe_customer_id AS organizations_stripe_customer_id, organizations.stripe_subscription_id AS organizations_stripe_subscription_id, organizations.subscription_status AS organizations_subscription_status, organizations.trial_start_date AS organizations_trial_start_date, organizations.billing_email AS organizations_billing_email, organizations.owner_email AS organizations_owner_email, organizations.creation_method AS organizations_creation_method, organizations.onboarding_status AS organizations_onboarding_status, organizations.signup_completion_token AS organizations_signup_completion_token, organizations.signup_completion_token_expires AS organizations_signup_completion_token_expires, organizations.approved_at AS organizations_approved_at, organizations.approved_by AS organizations_approved_by, organizations.created_at AS organizations_created_at, organizations.updated_at AS organizations_updated_at, organizations.trial_expires AS organizations_trial_expires 
FROM organizations 
WHERE organizations.id = %(pk_1)s]
[parameters: {'pk_1': 1}]
(Background on this error at: https://sqlalche.me/e/20/2j85)
10.81.5.171 - - [12/Dec/2025:20:22:34 +0000] "GET /screening/settings?retry=1 HTTP/1.1" 500 12324 "https://55ab1b06-006d-47ec-9b73-b827f4e0f641-00-1fje9legmrd1y.riker.replit.dev/screening/settings" "Mozilla/5.0 (Macintosh; Intel Mac OS X 10_15_7) AppleWebKit/537.36 (KHTML, like Gecko) Replit/1.0.14 Chrome/124.0.6367.119 Electron/30.0.3 Safari/537.36"
INFO:flask_wtf.csrf:The CSRF token is missing.
10.81.5.171 - - [12/Dec/2025:20:22:35 +0000] "POST /admin/log-error HTTP/1.1" 400 6305 "https://55ab1b06-006d-47ec-9b73-b827f4e0f641-00-1fje9legmrd1y.riker.replit.dev/screening/settings?retry=1" "Mozilla/5.0 (Macintosh; Intel Mac OS X 10_15_7) AppleWebKit/537.36 (KHTML, like Gecko) Replit/1.0.14 Chrome/124.0.6367.119 Electron/30.0.3 Safari/537.36"
ERROR:routes.screening_routes:Error in screening settings: (psycopg2.errors.UndefinedColumn) column prep_sheet_settings.con